[2017-02-22 01:12:36] production.ERROR: exception 'RuntimeException' with message 'The only supported ciphers are AES-128-CBC and AES-256-CBC with the correct key lengths.' in C:\wamp64\www\cdw1_2016_2017_H.git\trunk\laravel\bootstrap\cache\compiled.php:13520
Stack trace:
#0 C:\wamp64\www\cdw1_2016_2017_H.git\trunk\laravel\bootstrap\cache\compiled.php(7927): Illuminate\Encryption\Encrypter->__construct(NULL, 'AES-256-CBC')
#1 C:\wamp64\www\cdw1_2016_2017_H.git\trunk\laravel\bootstrap\cache\compiled.php(1477): Illuminate\Encryption\EncryptionServiceProvider->Illuminate\Encryption\{closure}(Object(Illuminate\Foundation\Application), Array)
#2 C:\wamp64\www\cdw1_2016_2017_H.git\trunk\laravel\bootstrap\cache\compiled.php(1433): Illuminate\Container\Container->build(Object(Closure), Array)
#3 C:\wamp64\www\cdw1_2016_2017_H.git\trunk\laravel\bootstrap\cache\compiled.php(2011): Illuminate\Container\Container->make('encrypter', Array)
#4 C:\wamp64\www\cdw1_2016_2017_H.git\trunk\laravel\bootstrap\cache\compiled.php(1534): Illuminate\Foundation\Application->make('Illuminate\\Cont...')
#5 C:\wamp64\www\cdw1_2016_2017_H.git\trunk\laravel\bootstrap\cache\compiled.php(1511): Illuminate\Container\Container->resolveClass(Object(ReflectionParameter))
#6 C:\wamp64\www\cdw1_2016_2017_H.git\trunk\laravel\bootstrap\cache\compiled.php(1497): Illuminate\Container\Container->getDependencies(Array, Array)
#7 C:\wamp64\www\cdw1_2016_2017_H.git\trunk\laravel\bootstrap\cache\compiled.php(1433): Illuminate\Container\Container->build('App\\Http\\Middle...', Array)
#8 C:\wamp64\www\cdw1_2016_2017_H.git\trunk\laravel\bootstrap\cache\compiled.php(2011): Illuminate\Container\Container->make('App\\Http\\Middle...', Array)
#9 C:\wamp64\www\cdw1_2016_2017_H.git\trunk\laravel\bootstrap\cache\compiled.php(10064): Illuminate\Foundation\Application->make('App\\Http\\Middle...')
#10 C:\wamp64\www\cdw1_2016_2017_H.git\trunk\laravel\vendor\laravel\framework\src\Illuminate\Routing\Pipeline.php(33): Illuminate\Pipeline\Pipeline->Illuminate\Pipeline\{closure}(Object(Illuminate\Http\Request))
#11 C:\wamp64\www\cdw1_2016_2017_H.git\trunk\laravel\bootstrap\cache\compiled.php(10054): Illuminate\Routing\Pipeline->Illuminate\Routing\{closure}(Object(Illuminate\Http\Request))
#12 C:\wamp64\www\cdw1_2016_2017_H.git\trunk\laravel\bootstrap\cache\compiled.php(8356): Illuminate\Pipeline\Pipeline->then(Object(Closure))
#13 C:\wamp64\www\cdw1_2016_2017_H.git\trunk\laravel\bootstrap\cache\compiled.php(8347): Illuminate\Routing\Router->runRouteWithinStack(Object(Illuminate\Routing\Route), Object(Illuminate\Http\Request))
#14 C:\wamp64\www\cdw1_2016_2017_H.git\trunk\laravel\bootstrap\cache\compiled.php(8338): Illuminate\Routing\Router->dispatchToRoute(Object(Illuminate\Http\Request))
#15 C:\wamp64\www\cdw1_2016_2017_H.git\trunk\laravel\bootstrap\cache\compiled.php(2575): Illuminate\Routing\Router->dispatch(Object(Illuminate\Http\Request))
#16 C:\wamp64\www\cdw1_2016_2017_H.git\trunk\laravel\vendor\laravel\framework\src\Illuminate\Routing\Pipeline.php(53): Illuminate\Foundation\Http\Kernel->Illuminate\Foundation\Http\{closure}(Object(Illuminate\Http\Request))
#17 C:\wamp64\www\cdw1_2016_2017_H.git\trunk\laravel\bootstrap\cache\compiled.php(3374): Illuminate\Routing\Pipeline->Illuminate\Routing\{closure}(Object(Illuminate\Http\Request))
#18 C:\wamp64\www\cdw1_2016_2017_H.git\trunk\laravel\bootstrap\cache\compiled.php(10069): Illuminate\Foundation\Http\Middleware\CheckForMaintenanceMode->handle(Object(Illuminate\Http\Request), Object(Closure))
#19 C:\wamp64\www\cdw1_2016_2017_H.git\trunk\laravel\vendor\laravel\framework\src\Illuminate\Routing\Pipeline.php(33): Illuminate\Pipeline\Pipeline->Illuminate\Pipeline\{closure}(Object(Illuminate\Http\Request))
#20 C:\wamp64\www\cdw1_2016_2017_H.git\trunk\laravel\bootstrap\cache\compiled.php(10054): Illuminate\Routing\Pipeline->Illuminate\Routing\{closure}(Object(Illuminate\Http\Request))
#21 C:\wamp64\www\cdw1_2016_2017_H.git\trunk\laravel\bootstrap\cache\compiled.php(2519): Illuminate\Pipeline\Pipeline->then(Object(Closure))
#22 C:\wamp64\www\cdw1_2016_2017_H.git\trunk\laravel\bootstrap\cache\compiled.php(2503): Illuminate\Foundation\Http\Kernel->sendRequestThroughRouter(Object(Illuminate\Http\Request))
#23 C:\wamp64\www\cdw1_2016_2017_H.git\trunk\laravel\public\index.php(54): Illuminate\Foundation\Http\Kernel->handle(Object(Illuminate\Http\Request))
#24 {main}  
[2017-02-22 01:12:36] production.ERROR: exception 'RuntimeException' with message 'The only supported ciphers are AES-128-CBC and AES-256-CBC with the correct key lengths.' in C:\wamp64\www\cdw1_2016_2017_H.git\trunk\laravel\bootstrap\cache\compiled.php:13520
Stack trace:
#0 C:\wamp64\www\cdw1_2016_2017_H.git\trunk\laravel\bootstrap\cache\compiled.php(7927): Illuminate\Encryption\Encrypter->__construct(NULL, 'AES-256-CBC')
#1 C:\wamp64\www\cdw1_2016_2017_H.git\trunk\laravel\bootstrap\cache\compiled.php(1477): Illuminate\Encryption\EncryptionServiceProvider->Illuminate\Encryption\{closure}(Object(Illuminate\Foundation\Application), Array)
#2 C:\wamp64\www\cdw1_2016_2017_H.git\trunk\laravel\bootstrap\cache\compiled.php(1433): Illuminate\Container\Container->build(Object(Closure), Array)
#3 C:\wamp64\www\cdw1_2016_2017_H.git\trunk\laravel\bootstrap\cache\compiled.php(2011): Illuminate\Container\Container->make('encrypter', Array)
#4 C:\wamp64\www\cdw1_2016_2017_H.git\trunk\laravel\bootstrap\cache\compiled.php(1534): Illuminate\Foundation\Application->make('Illuminate\\Cont...')
#5 C:\wamp64\www\cdw1_2016_2017_H.git\trunk\laravel\bootstrap\cache\compiled.php(1511): Illuminate\Container\Container->resolveClass(Object(ReflectionParameter))
#6 C:\wamp64\www\cdw1_2016_2017_H.git\trunk\laravel\bootstrap\cache\compiled.php(1497): Illuminate\Container\Container->getDependencies(Array, Array)
#7 C:\wamp64\www\cdw1_2016_2017_H.git\trunk\laravel\bootstrap\cache\compiled.php(1433): Illuminate\Container\Container->build('App\\Http\\Middle...', Array)
#8 C:\wamp64\www\cdw1_2016_2017_H.git\trunk\laravel\bootstrap\cache\compiled.php(2011): Illuminate\Container\Container->make('App\\Http\\Middle...', Array)
#9 C:\wamp64\www\cdw1_2016_2017_H.git\trunk\laravel\bootstrap\cache\compiled.php(2529): Illuminate\Foundation\Application->make('App\\Http\\Middle...')
#10 C:\wamp64\www\cdw1_2016_2017_H.git\trunk\laravel\public\index.php(58): Illuminate\Foundation\Http\Kernel->terminate(Object(Illuminate\Http\Request), Object(Illuminate\Http\Response))
#11 {main}  
[2017-02-22 01:13:07] production.ERROR: exception 'RuntimeException' with message 'The only supported ciphers are AES-128-CBC and AES-256-CBC with the correct key lengths.' in C:\wamp64\www\cdw1_2016_2017_H.git\trunk\laravel\bootstrap\cache\compiled.php:13520
Stack trace:
#0 C:\wamp64\www\cdw1_2016_2017_H.git\trunk\laravel\bootstrap\cache\compiled.php(7927): Illuminate\Encryption\Encrypter->__construct(NULL, 'AES-256-CBC')
#1 C:\wamp64\www\cdw1_2016_2017_H.git\trunk\laravel\bootstrap\cache\compiled.php(1477): Illuminate\Encryption\EncryptionServiceProvider->Illuminate\Encryption\{closure}(Object(Illuminate\Foundation\Application), Array)
#2 C:\wamp64\www\cdw1_2016_2017_H.git\trunk\laravel\bootstrap\cache\compiled.php(1433): Illuminate\Container\Container->build(Object(Closure), Array)
#3 C:\wamp64\www\cdw1_2016_2017_H.git\trunk\laravel\bootstrap\cache\compiled.php(2011): Illuminate\Container\Container->make('encrypter', Array)
#4 C:\wamp64\www\cdw1_2016_2017_H.git\trunk\laravel\bootstrap\cache\compiled.php(1534): Illuminate\Foundation\Application->make('Illuminate\\Cont...')
#5 C:\wamp64\www\cdw1_2016_2017_H.git\trunk\laravel\bootstrap\cache\compiled.php(1511): Illuminate\Container\Container->resolveClass(Object(ReflectionParameter))
#6 C:\wamp64\www\cdw1_2016_2017_H.git\trunk\laravel\bootstrap\cache\compiled.php(1497): Illuminate\Container\Container->getDependencies(Array, Array)
#7 C:\wamp64\www\cdw1_2016_2017_H.git\trunk\laravel\bootstrap\cache\compiled.php(1433): Illuminate\Container\Container->build('App\\Http\\Middle...', Array)
#8 C:\wamp64\www\cdw1_2016_2017_H.git\trunk\laravel\bootstrap\cache\compiled.php(2011): Illuminate\Container\Container->make('App\\Http\\Middle...', Array)
#9 C:\wamp64\www\cdw1_2016_2017_H.git\trunk\laravel\bootstrap\cache\compiled.php(10064): Illuminate\Foundation\Application->make('App\\Http\\Middle...')
#10 C:\wamp64\www\cdw1_2016_2017_H.git\trunk\laravel\vendor\laravel\framework\src\Illuminate\Routing\Pipeline.php(33): Illuminate\Pipeline\Pipeline->Illuminate\Pipeline\{closure}(Object(Illuminate\Http\Request))
#11 C:\wamp64\www\cdw1_2016_2017_H.git\trunk\laravel\bootstrap\cache\compiled.php(10054): Illuminate\Routing\Pipeline->Illuminate\Routing\{closure}(Object(Illuminate\Http\Request))
#12 C:\wamp64\www\cdw1_2016_2017_H.git\trunk\laravel\bootstrap\cache\compiled.php(8356): Illuminate\Pipeline\Pipeline->then(Object(Closure))
#13 C:\wamp64\www\cdw1_2016_2017_H.git\trunk\laravel\bootstrap\cache\compiled.php(8347): Illuminate\Routing\Router->runRouteWithinStack(Object(Illuminate\Routing\Route), Object(Illuminate\Http\Request))
#14 C:\wamp64\www\cdw1_2016_2017_H.git\trunk\laravel\bootstrap\cache\compiled.php(8338): Illuminate\Routing\Router->dispatchToRoute(Object(Illuminate\Http\Request))
#15 C:\wamp64\www\cdw1_2016_2017_H.git\trunk\laravel\bootstrap\cache\compiled.php(2575): Illuminate\Routing\Router->dispatch(Object(Illuminate\Http\Request))
#16 C:\wamp64\www\cdw1_2016_2017_H.git\trunk\laravel\vendor\laravel\framework\src\Illuminate\Routing\Pipeline.php(53): Illuminate\Foundation\Http\Kernel->Illuminate\Foundation\Http\{closure}(Object(Illuminate\Http\Request))
#17 C:\wamp64\www\cdw1_2016_2017_H.git\trunk\laravel\bootstrap\cache\compiled.php(3374): Illuminate\Routing\Pipeline->Illuminate\Routing\{closure}(Object(Illuminate\Http\Request))
#18 C:\wamp64\www\cdw1_2016_2017_H.git\trunk\laravel\bootstrap\cache\compiled.php(10069): Illuminate\Foundation\Http\Middleware\CheckForMaintenanceMode->handle(Object(Illuminate\Http\Request), Object(Closure))
#19 C:\wamp64\www\cdw1_2016_2017_H.git\trunk\laravel\vendor\laravel\framework\src\Illuminate\Routing\Pipeline.php(33): Illuminate\Pipeline\Pipeline->Illuminate\Pipeline\{closure}(Object(Illuminate\Http\Request))
#20 C:\wamp64\www\cdw1_2016_2017_H.git\trunk\laravel\bootstrap\cache\compiled.php(10054): Illuminate\Routing\Pipeline->Illuminate\Routing\{closure}(Object(Illuminate\Http\Request))
#21 C:\wamp64\www\cdw1_2016_2017_H.git\trunk\laravel\bootstrap\cache\compiled.php(2519): Illuminate\Pipeline\Pipeline->then(Object(Closure))
#22 C:\wamp64\www\cdw1_2016_2017_H.git\trunk\laravel\bootstrap\cache\compiled.php(2503): Illuminate\Foundation\Http\Kernel->sendRequestThroughRouter(Object(Illuminate\Http\Request))
#23 C:\wamp64\www\cdw1_2016_2017_H.git\trunk\laravel\public\index.php(54): Illuminate\Foundation\Http\Kernel->handle(Object(Illuminate\Http\Request))
#24 {main}  
[2017-02-22 01:13:07] production.ERROR: exception 'RuntimeException' with message 'The only supported ciphers are AES-128-CBC and AES-256-CBC with the correct key lengths.' in C:\wamp64\www\cdw1_2016_2017_H.git\trunk\laravel\bootstrap\cache\compiled.php:13520
Stack trace:
#0 C:\wamp64\www\cdw1_2016_2017_H.git\trunk\laravel\bootstrap\cache\compiled.php(7927): Illuminate\Encryption\Encrypter->__construct(NULL, 'AES-256-CBC')
#1 C:\wamp64\www\cdw1_2016_2017_H.git\trunk\laravel\bootstrap\cache\compiled.php(1477): Illuminate\Encryption\EncryptionServiceProvider->Illuminate\Encryption\{closure}(Object(Illuminate\Foundation\Application), Array)
#2 C:\wamp64\www\cdw1_2016_2017_H.git\trunk\laravel\bootstrap\cache\compiled.php(1433): Illuminate\Container\Container->build(Object(Closure), Array)
#3 C:\wamp64\www\cdw1_2016_2017_H.git\trunk\laravel\bootstrap\cache\compiled.php(2011): Illuminate\Container\Container->make('encrypter', Array)
#4 C:\wamp64\www\cdw1_2016_2017_H.git\trunk\laravel\bootstrap\cache\compiled.php(1534): Illuminate\Foundation\Application->make('Illuminate\\Cont...')
#5 C:\wamp64\www\cdw1_2016_2017_H.git\trunk\laravel\bootstrap\cache\compiled.php(1511): Illuminate\Container\Container->resolveClass(Object(ReflectionParameter))
#6 C:\wamp64\www\cdw1_2016_2017_H.git\trunk\laravel\bootstrap\cache\compiled.php(1497): Illuminate\Container\Container->getDependencies(Array, Array)
#7 C:\wamp64\www\cdw1_2016_2017_H.git\trunk\laravel\bootstrap\cache\compiled.php(1433): Illuminate\Container\Container->build('App\\Http\\Middle...', Array)
#8 C:\wamp64\www\cdw1_2016_2017_H.git\trunk\laravel\bootstrap\cache\compiled.php(2011): Illuminate\Container\Container->make('App\\Http\\Middle...', Array)
#9 C:\wamp64\www\cdw1_2016_2017_H.git\trunk\laravel\bootstrap\cache\compiled.php(2529): Illuminate\Foundation\Application->make('App\\Http\\Middle...')
#10 C:\wamp64\www\cdw1_2016_2017_H.git\trunk\laravel\public\index.php(58): Illuminate\Foundation\Http\Kernel->terminate(Object(Illuminate\Http\Request), Object(Illuminate\Http\Response))
#11 {main}  
[2017-02-22 02:00:31] production.ERROR: exception 'RuntimeException' with message 'The only supported ciphers are AES-128-CBC and AES-256-CBC with the correct key lengths.' in C:\wamp64\www\cdw1_2016_2017_H.git\trunk\laravel\bootstrap\cache\compiled.php:13520
Stack trace:
#0 C:\wamp64\www\cdw1_2016_2017_H.git\trunk\laravel\bootstrap\cache\compiled.php(7927): Illuminate\Encryption\Encrypter->__construct(NULL, 'AES-256-CBC')
#1 C:\wamp64\www\cdw1_2016_2017_H.git\trunk\laravel\bootstrap\cache\compiled.php(1477): Illuminate\Encryption\EncryptionServiceProvider->Illuminate\Encryption\{closure}(Object(Illuminate\Foundation\Application), Array)
#2 C:\wamp64\www\cdw1_2016_2017_H.git\trunk\laravel\bootstrap\cache\compiled.php(1433): Illuminate\Container\Container->build(Object(Closure), Array)
#3 C:\wamp64\www\cdw1_2016_2017_H.git\trunk\laravel\bootstrap\cache\compiled.php(2011): Illuminate\Container\Container->make('encrypter', Array)
#4 C:\wamp64\www\cdw1_2016_2017_H.git\trunk\laravel\bootstrap\cache\compiled.php(1534): Illuminate\Foundation\Application->make('Illuminate\\Cont...')
#5 C:\wamp64\www\cdw1_2016_2017_H.git\trunk\laravel\bootstrap\cache\compiled.php(1511): Illuminate\Container\Container->resolveClass(Object(ReflectionParameter))
#6 C:\wamp64\www\cdw1_2016_2017_H.git\trunk\laravel\bootstrap\cache\compiled.php(1497): Illuminate\Container\Container->getDependencies(Array, Array)
#7 C:\wamp64\www\cdw1_2016_2017_H.git\trunk\laravel\bootstrap\cache\compiled.php(1433): Illuminate\Container\Container->build('App\\Http\\Middle...', Array)
#8 C:\wamp64\www\cdw1_2016_2017_H.git\trunk\laravel\bootstrap\cache\compiled.php(2011): Illuminate\Container\Container->make('App\\Http\\Middle...', Array)
#9 C:\wamp64\www\cdw1_2016_2017_H.git\trunk\laravel\bootstrap\cache\compiled.php(10064): Illuminate\Foundation\Application->make('App\\Http\\Middle...')
#10 C:\wamp64\www\cdw1_2016_2017_H.git\trunk\laravel\vendor\laravel\framework\src\Illuminate\Routing\Pipeline.php(33): Illuminate\Pipeline\Pipeline->Illuminate\Pipeline\{closure}(Object(Illuminate\Http\Request))
#11 C:\wamp64\www\cdw1_2016_2017_H.git\trunk\laravel\bootstrap\cache\compiled.php(10054): Illuminate\Routing\Pipeline->Illuminate\Routing\{closure}(Object(Illuminate\Http\Request))
#12 C:\wamp64\www\cdw1_2016_2017_H.git\trunk\laravel\bootstrap\cache\compiled.php(8356): Illuminate\Pipeline\Pipeline->then(Object(Closure))
#13 C:\wamp64\www\cdw1_2016_2017_H.git\trunk\laravel\bootstrap\cache\compiled.php(8347): Illuminate\Routing\Router->runRouteWithinStack(Object(Illuminate\Routing\Route), Object(Illuminate\Http\Request))
#14 C:\wamp64\www\cdw1_2016_2017_H.git\trunk\laravel\bootstrap\cache\compiled.php(8338): Illuminate\Routing\Router->dispatchToRoute(Object(Illuminate\Http\Request))
#15 C:\wamp64\www\cdw1_2016_2017_H.git\trunk\laravel\bootstrap\cache\compiled.php(2575): Illuminate\Routing\Router->dispatch(Object(Illuminate\Http\Request))
#16 C:\wamp64\www\cdw1_2016_2017_H.git\trunk\laravel\vendor\laravel\framework\src\Illuminate\Routing\Pipeline.php(53): Illuminate\Foundation\Http\Kernel->Illuminate\Foundation\Http\{closure}(Object(Illuminate\Http\Request))
#17 C:\wamp64\www\cdw1_2016_2017_H.git\trunk\laravel\bootstrap\cache\compiled.php(3374): Illuminate\Routing\Pipeline->Illuminate\Routing\{closure}(Object(Illuminate\Http\Request))
#18 C:\wamp64\www\cdw1_2016_2017_H.git\trunk\laravel\bootstrap\cache\compiled.php(10069): Illuminate\Foundation\Http\Middleware\CheckForMaintenanceMode->handle(Object(Illuminate\Http\Request), Object(Closure))
#19 C:\wamp64\www\cdw1_2016_2017_H.git\trunk\laravel\vendor\laravel\framework\src\Illuminate\Routing\Pipeline.php(33): Illuminate\Pipeline\Pipeline->Illuminate\Pipeline\{closure}(Object(Illuminate\Http\Request))
#20 C:\wamp64\www\cdw1_2016_2017_H.git\trunk\laravel\bootstrap\cache\compiled.php(10054): Illuminate\Routing\Pipeline->Illuminate\Routing\{closure}(Object(Illuminate\Http\Request))
#21 C:\wamp64\www\cdw1_2016_2017_H.git\trunk\laravel\bootstrap\cache\compiled.php(2519): Illuminate\Pipeline\Pipeline->then(Object(Closure))
#22 C:\wamp64\www\cdw1_2016_2017_H.git\trunk\laravel\bootstrap\cache\compiled.php(2503): Illuminate\Foundation\Http\Kernel->sendRequestThroughRouter(Object(Illuminate\Http\Request))
#23 C:\wamp64\www\cdw1_2016_2017_H.git\trunk\laravel\public\index.php(54): Illuminate\Foundation\Http\Kernel->handle(Object(Illuminate\Http\Request))
#24 {main}  
[2017-02-22 02:00:31] production.ERROR: exception 'RuntimeException' with message 'The only supported ciphers are AES-128-CBC and AES-256-CBC with the correct key lengths.' in C:\wamp64\www\cdw1_2016_2017_H.git\trunk\laravel\bootstrap\cache\compiled.php:13520
Stack trace:
#0 C:\wamp64\www\cdw1_2016_2017_H.git\trunk\laravel\bootstrap\cache\compiled.php(7927): Illuminate\Encryption\Encrypter->__construct(NULL, 'AES-256-CBC')
#1 C:\wamp64\www\cdw1_2016_2017_H.git\trunk\laravel\bootstrap\cache\compiled.php(1477): Illuminate\Encryption\EncryptionServiceProvider->Illuminate\Encryption\{closure}(Object(Illuminate\Foundation\Application), Array)
#2 C:\wamp64\www\cdw1_2016_2017_H.git\trunk\laravel\bootstrap\cache\compiled.php(1433): Illuminate\Container\Container->build(Object(Closure), Array)
#3 C:\wamp64\www\cdw1_2016_2017_H.git\trunk\laravel\bootstrap\cache\compiled.php(2011): Illuminate\Container\Container->make('encrypter', Array)
#4 C:\wamp64\www\cdw1_2016_2017_H.git\trunk\laravel\bootstrap\cache\compiled.php(1534): Illuminate\Foundation\Application->make('Illuminate\\Cont...')
#5 C:\wamp64\www\cdw1_2016_2017_H.git\trunk\laravel\bootstrap\cache\compiled.php(1511): Illuminate\Container\Container->resolveClass(Object(ReflectionParameter))
#6 C:\wamp64\www\cdw1_2016_2017_H.git\trunk\laravel\bootstrap\cache\compiled.php(1497): Illuminate\Container\Container->getDependencies(Array, Array)
#7 C:\wamp64\www\cdw1_2016_2017_H.git\trunk\laravel\bootstrap\cache\compiled.php(1433): Illuminate\Container\Container->build('App\\Http\\Middle...', Array)
#8 C:\wamp64\www\cdw1_2016_2017_H.git\trunk\laravel\bootstrap\cache\compiled.php(2011): Illuminate\Container\Container->make('App\\Http\\Middle...', Array)
#9 C:\wamp64\www\cdw1_2016_2017_H.git\trunk\laravel\bootstrap\cache\compiled.php(2529): Illuminate\Foundation\Application->make('App\\Http\\Middle...')
#10 C:\wamp64\www\cdw1_2016_2017_H.git\trunk\laravel\public\index.php(58): Illuminate\Foundation\Http\Kernel->terminate(Object(Illuminate\Http\Request), Object(Illuminate\Http\Response))
#11 {main}  
[2017-02-22 02:03:26] production.ERROR: exception 'RuntimeException' with message 'The only supported ciphers are AES-128-CBC and AES-256-CBC with the correct key lengths.' in C:\wamp64\www\cdw1_2016_2017_H.git\trunk\laravel\bootstrap\cache\compiled.php:13520
Stack trace:
#0 C:\wamp64\www\cdw1_2016_2017_H.git\trunk\laravel\bootstrap\cache\compiled.php(7927): Illuminate\Encryption\Encrypter->__construct(NULL, 'AES-256-CBC')
#1 C:\wamp64\www\cdw1_2016_2017_H.git\trunk\laravel\bootstrap\cache\compiled.php(1477): Illuminate\Encryption\EncryptionServiceProvider->Illuminate\Encryption\{closure}(Object(Illuminate\Foundation\Application), Array)
#2 C:\wamp64\www\cdw1_2016_2017_H.git\trunk\laravel\bootstrap\cache\compiled.php(1433): Illuminate\Container\Container->build(Object(Closure), Array)
#3 C:\wamp64\www\cdw1_2016_2017_H.git\trunk\laravel\bootstrap\cache\compiled.php(2011): Illuminate\Container\Container->make('encrypter', Array)
#4 C:\wamp64\www\cdw1_2016_2017_H.git\trunk\laravel\bootstrap\cache\compiled.php(1534): Illuminate\Foundation\Application->make('Illuminate\\Cont...')
#5 C:\wamp64\www\cdw1_2016_2017_H.git\trunk\laravel\bootstrap\cache\compiled.php(1511): Illuminate\Container\Container->resolveClass(Object(ReflectionParameter))
#6 C:\wamp64\www\cdw1_2016_2017_H.git\trunk\laravel\bootstrap\cache\compiled.php(1497): Illuminate\Container\Container->getDependencies(Array, Array)
#7 C:\wamp64\www\cdw1_2016_2017_H.git\trunk\laravel\bootstrap\cache\compiled.php(1433): Illuminate\Container\Container->build('App\\Http\\Middle...', Array)
#8 C:\wamp64\www\cdw1_2016_2017_H.git\trunk\laravel\bootstrap\cache\compiled.php(2011): Illuminate\Container\Container->make('App\\Http\\Middle...', Array)
#9 C:\wamp64\www\cdw1_2016_2017_H.git\trunk\laravel\bootstrap\cache\compiled.php(10064): Illuminate\Foundation\Application->make('App\\Http\\Middle...')
#10 C:\wamp64\www\cdw1_2016_2017_H.git\trunk\laravel\vendor\laravel\framework\src\Illuminate\Routing\Pipeline.php(33): Illuminate\Pipeline\Pipeline->Illuminate\Pipeline\{closure}(Object(Illuminate\Http\Request))
#11 C:\wamp64\www\cdw1_2016_2017_H.git\trunk\laravel\bootstrap\cache\compiled.php(10054): Illuminate\Routing\Pipeline->Illuminate\Routing\{closure}(Object(Illuminate\Http\Request))
#12 C:\wamp64\www\cdw1_2016_2017_H.git\trunk\laravel\bootstrap\cache\compiled.php(8356): Illuminate\Pipeline\Pipeline->then(Object(Closure))
#13 C:\wamp64\www\cdw1_2016_2017_H.git\trunk\laravel\bootstrap\cache\compiled.php(8347): Illuminate\Routing\Router->runRouteWithinStack(Object(Illuminate\Routing\Route), Object(Illuminate\Http\Request))
#14 C:\wamp64\www\cdw1_2016_2017_H.git\trunk\laravel\bootstrap\cache\compiled.php(8338): Illuminate\Routing\Router->dispatchToRoute(Object(Illuminate\Http\Request))
#15 C:\wamp64\www\cdw1_2016_2017_H.git\trunk\laravel\bootstrap\cache\compiled.php(2575): Illuminate\Routing\Router->dispatch(Object(Illuminate\Http\Request))
#16 C:\wamp64\www\cdw1_2016_2017_H.git\trunk\laravel\vendor\laravel\framework\src\Illuminate\Routing\Pipeline.php(53): Illuminate\Foundation\Http\Kernel->Illuminate\Foundation\Http\{closure}(Object(Illuminate\Http\Request))
#17 C:\wamp64\www\cdw1_2016_2017_H.git\trunk\laravel\bootstrap\cache\compiled.php(3374): Illuminate\Routing\Pipeline->Illuminate\Routing\{closure}(Object(Illuminate\Http\Request))
#18 C:\wamp64\www\cdw1_2016_2017_H.git\trunk\laravel\bootstrap\cache\compiled.php(10069): Illuminate\Foundation\Http\Middleware\CheckForMaintenanceMode->handle(Object(Illuminate\Http\Request), Object(Closure))
#19 C:\wamp64\www\cdw1_2016_2017_H.git\trunk\laravel\vendor\laravel\framework\src\Illuminate\Routing\Pipeline.php(33): Illuminate\Pipeline\Pipeline->Illuminate\Pipeline\{closure}(Object(Illuminate\Http\Request))
#20 C:\wamp64\www\cdw1_2016_2017_H.git\trunk\laravel\bootstrap\cache\compiled.php(10054): Illuminate\Routing\Pipeline->Illuminate\Routing\{closure}(Object(Illuminate\Http\Request))
#21 C:\wamp64\www\cdw1_2016_2017_H.git\trunk\laravel\bootstrap\cache\compiled.php(2519): Illuminate\Pipeline\Pipeline->then(Object(Closure))
#22 C:\wamp64\www\cdw1_2016_2017_H.git\trunk\laravel\bootstrap\cache\compiled.php(2503): Illuminate\Foundation\Http\Kernel->sendRequestThroughRouter(Object(Illuminate\Http\Request))
#23 C:\wamp64\www\cdw1_2016_2017_H.git\trunk\laravel\public\index.php(54): Illuminate\Foundation\Http\Kernel->handle(Object(Illuminate\Http\Request))
#24 {main}  
[2017-02-22 02:03:26] production.ERROR: exception 'RuntimeException' with message 'The only supported ciphers are AES-128-CBC and AES-256-CBC with the correct key lengths.' in C:\wamp64\www\cdw1_2016_2017_H.git\trunk\laravel\bootstrap\cache\compiled.php:13520
Stack trace:
#0 C:\wamp64\www\cdw1_2016_2017_H.git\trunk\laravel\bootstrap\cache\compiled.php(7927): Illuminate\Encryption\Encrypter->__construct(NULL, 'AES-256-CBC')
#1 C:\wamp64\www\cdw1_2016_2017_H.git\trunk\laravel\bootstrap\cache\compiled.php(1477): Illuminate\Encryption\EncryptionServiceProvider->Illuminate\Encryption\{closure}(Object(Illuminate\Foundation\Application), Array)
#2 C:\wamp64\www\cdw1_2016_2017_H.git\trunk\laravel\bootstrap\cache\compiled.php(1433): Illuminate\Container\Container->build(Object(Closure), Array)
#3 C:\wamp64\www\cdw1_2016_2017_H.git\trunk\laravel\bootstrap\cache\compiled.php(2011): Illuminate\Container\Container->make('encrypter', Array)
#4 C:\wamp64\www\cdw1_2016_2017_H.git\trunk\laravel\bootstrap\cache\compiled.php(1534): Illuminate\Foundation\Application->make('Illuminate\\Cont...')
#5 C:\wamp64\www\cdw1_2016_2017_H.git\trunk\laravel\bootstrap\cache\compiled.php(1511): Illuminate\Container\Container->resolveClass(Object(ReflectionParameter))
#6 C:\wamp64\www\cdw1_2016_2017_H.git\trunk\laravel\bootstrap\cache\compiled.php(1497): Illuminate\Container\Container->getDependencies(Array, Array)
#7 C:\wamp64\www\cdw1_2016_2017_H.git\trunk\laravel\bootstrap\cache\compiled.php(1433): Illuminate\Container\Container->build('App\\Http\\Middle...', Array)
#8 C:\wamp64\www\cdw1_2016_2017_H.git\trunk\laravel\bootstrap\cache\compiled.php(2011): Illuminate\Container\Container->make('App\\Http\\Middle...', Array)
#9 C:\wamp64\www\cdw1_2016_2017_H.git\trunk\laravel\bootstrap\cache\compiled.php(2529): Illuminate\Foundation\Application->make('App\\Http\\Middle...')
#10 C:\wamp64\www\cdw1_2016_2017_H.git\trunk\laravel\public\index.php(58): Illuminate\Foundation\Http\Kernel->terminate(Object(Illuminate\Http\Request), Object(Illuminate\Http\Response))
#11 {main}  
[2017-02-22 02:03:26] production.ERROR: exception 'RuntimeException' with message 'The only supported ciphers are AES-128-CBC and AES-256-CBC with the correct key lengths.' in C:\wamp64\www\cdw1_2016_2017_H.git\trunk\laravel\bootstrap\cache\compiled.php:13520
Stack trace:
#0 C:\wamp64\www\cdw1_2016_2017_H.git\trunk\laravel\bootstrap\cache\compiled.php(7927): Illuminate\Encryption\Encrypter->__construct(NULL, 'AES-256-CBC')
#1 C:\wamp64\www\cdw1_2016_2017_H.git\trunk\laravel\bootstrap\cache\compiled.php(1477): Illuminate\Encryption\EncryptionServiceProvider->Illuminate\Encryption\{closure}(Object(Illuminate\Foundation\Application), Array)
#2 C:\wamp64\www\cdw1_2016_2017_H.git\trunk\laravel\bootstrap\cache\compiled.php(1433): Illuminate\Container\Container->build(Object(Closure), Array)
#3 C:\wamp64\www\cdw1_2016_2017_H.git\trunk\laravel\bootstrap\cache\compiled.php(2011): Illuminate\Container\Container->make('encrypter', Array)
#4 C:\wamp64\www\cdw1_2016_2017_H.git\trunk\laravel\bootstrap\cache\compiled.php(1534): Illuminate\Foundation\Application->make('Illuminate\\Cont...')
#5 C:\wamp64\www\cdw1_2016_2017_H.git\trunk\laravel\bootstrap\cache\compiled.php(1511): Illuminate\Container\Container->resolveClass(Object(ReflectionParameter))
#6 C:\wamp64\www\cdw1_2016_2017_H.git\trunk\laravel\bootstrap\cache\compiled.php(1497): Illuminate\Container\Container->getDependencies(Array, Array)
#7 C:\wamp64\www\cdw1_2016_2017_H.git\trunk\laravel\bootstrap\cache\compiled.php(1433): Illuminate\Container\Container->build('App\\Http\\Middle...', Array)
#8 C:\wamp64\www\cdw1_2016_2017_H.git\trunk\laravel\bootstrap\cache\compiled.php(2011): Illuminate\Container\Container->make('App\\Http\\Middle...', Array)
#9 C:\wamp64\www\cdw1_2016_2017_H.git\trunk\laravel\bootstrap\cache\compiled.php(10064): Illuminate\Foundation\Application->make('App\\Http\\Middle...')
#10 C:\wamp64\www\cdw1_2016_2017_H.git\trunk\laravel\vendor\laravel\framework\src\Illuminate\Routing\Pipeline.php(33): Illuminate\Pipeline\Pipeline->Illuminate\Pipeline\{closure}(Object(Illuminate\Http\Request))
#11 C:\wamp64\www\cdw1_2016_2017_H.git\trunk\laravel\bootstrap\cache\compiled.php(10054): Illuminate\Routing\Pipeline->Illuminate\Routing\{closure}(Object(Illuminate\Http\Request))
#12 C:\wamp64\www\cdw1_2016_2017_H.git\trunk\laravel\bootstrap\cache\compiled.php(8356): Illuminate\Pipeline\Pipeline->then(Object(Closure))
#13 C:\wamp64\www\cdw1_2016_2017_H.git\trunk\laravel\bootstrap\cache\compiled.php(8347): Illuminate\Routing\Router->runRouteWithinStack(Object(Illuminate\Routing\Route), Object(Illuminate\Http\Request))
#14 C:\wamp64\www\cdw1_2016_2017_H.git\trunk\laravel\bootstrap\cache\compiled.php(8338): Illuminate\Routing\Router->dispatchToRoute(Object(Illuminate\Http\Request))
#15 C:\wamp64\www\cdw1_2016_2017_H.git\trunk\laravel\bootstrap\cache\compiled.php(2575): Illuminate\Routing\Router->dispatch(Object(Illuminate\Http\Request))
#16 C:\wamp64\www\cdw1_2016_2017_H.git\trunk\laravel\vendor\laravel\framework\src\Illuminate\Routing\Pipeline.php(53): Illuminate\Foundation\Http\Kernel->Illuminate\Foundation\Http\{closure}(Object(Illuminate\Http\Request))
#17 C:\wamp64\www\cdw1_2016_2017_H.git\trunk\laravel\bootstrap\cache\compiled.php(3374): Illuminate\Routing\Pipeline->Illuminate\Routing\{closure}(Object(Illuminate\Http\Request))
#18 C:\wamp64\www\cdw1_2016_2017_H.git\trunk\laravel\bootstrap\cache\compiled.php(10069): Illuminate\Foundation\Http\Middleware\CheckForMaintenanceMode->handle(Object(Illuminate\Http\Request), Object(Closure))
#19 C:\wamp64\www\cdw1_2016_2017_H.git\trunk\laravel\vendor\laravel\framework\src\Illuminate\Routing\Pipeline.php(33): Illuminate\Pipeline\Pipeline->Illuminate\Pipeline\{closure}(Object(Illuminate\Http\Request))
#20 C:\wamp64\www\cdw1_2016_2017_H.git\trunk\laravel\bootstrap\cache\compiled.php(10054): Illuminate\Routing\Pipeline->Illuminate\Routing\{closure}(Object(Illuminate\Http\Request))
#21 C:\wamp64\www\cdw1_2016_2017_H.git\trunk\laravel\bootstrap\cache\compiled.php(2519): Illuminate\Pipeline\Pipeline->then(Object(Closure))
#22 C:\wamp64\www\cdw1_2016_2017_H.git\trunk\laravel\bootstrap\cache\compiled.php(2503): Illuminate\Foundation\Http\Kernel->sendRequestThroughRouter(Object(Illuminate\Http\Request))
#23 C:\wamp64\www\cdw1_2016_2017_H.git\trunk\laravel\public\index.php(54): Illuminate\Foundation\Http\Kernel->handle(Object(Illuminate\Http\Request))
#24 {main}  
[2017-02-22 02:03:26] production.ERROR: exception 'RuntimeException' with message 'The only supported ciphers are AES-128-CBC and AES-256-CBC with the correct key lengths.' in C:\wamp64\www\cdw1_2016_2017_H.git\trunk\laravel\bootstrap\cache\compiled.php:13520
Stack trace:
#0 C:\wamp64\www\cdw1_2016_2017_H.git\trunk\laravel\bootstrap\cache\compiled.php(7927): Illuminate\Encryption\Encrypter->__construct(NULL, 'AES-256-CBC')
#1 C:\wamp64\www\cdw1_2016_2017_H.git\trunk\laravel\bootstrap\cache\compiled.php(1477): Illuminate\Encryption\EncryptionServiceProvider->Illuminate\Encryption\{closure}(Object(Illuminate\Foundation\Application), Array)
#2 C:\wamp64\www\cdw1_2016_2017_H.git\trunk\laravel\bootstrap\cache\compiled.php(1433): Illuminate\Container\Container->build(Object(Closure), Array)
#3 C:\wamp64\www\cdw1_2016_2017_H.git\trunk\laravel\bootstrap\cache\compiled.php(2011): Illuminate\Container\Container->make('encrypter', Array)
#4 C:\wamp64\www\cdw1_2016_2017_H.git\trunk\laravel\bootstrap\cache\compiled.php(1534): Illuminate\Foundation\Application->make('Illuminate\\Cont...')
#5 C:\wamp64\www\cdw1_2016_2017_H.git\trunk\laravel\bootstrap\cache\compiled.php(1511): Illuminate\Container\Container->resolveClass(Object(ReflectionParameter))
#6 C:\wamp64\www\cdw1_2016_2017_H.git\trunk\laravel\bootstrap\cache\compiled.php(1497): Illuminate\Container\Container->getDependencies(Array, Array)
#7 C:\wamp64\www\cdw1_2016_2017_H.git\trunk\laravel\bootstrap\cache\compiled.php(1433): Illuminate\Container\Container->build('App\\Http\\Middle...', Array)
#8 C:\wamp64\www\cdw1_2016_2017_H.git\trunk\laravel\bootstrap\cache\compiled.php(2011): Illuminate\Container\Container->make('App\\Http\\Middle...', Array)
#9 C:\wamp64\www\cdw1_2016_2017_H.git\trunk\laravel\bootstrap\cache\compiled.php(2529): Illuminate\Foundation\Application->make('App\\Http\\Middle...')
#10 C:\wamp64\www\cdw1_2016_2017_H.git\trunk\laravel\public\index.php(58): Illuminate\Foundation\Http\Kernel->terminate(Object(Illuminate\Http\Request), Object(Illuminate\Http\Response))
#11 {main}  
[2017-02-22 02:03:26] production.ERROR: exception 'RuntimeException' with message 'The only supported ciphers are AES-128-CBC and AES-256-CBC with the correct key lengths.' in C:\wamp64\www\cdw1_2016_2017_H.git\trunk\laravel\bootstrap\cache\compiled.php:13520
Stack trace:
#0 C:\wamp64\www\cdw1_2016_2017_H.git\trunk\laravel\bootstrap\cache\compiled.php(7927): Illuminate\Encryption\Encrypter->__construct(NULL, 'AES-256-CBC')
#1 C:\wamp64\www\cdw1_2016_2017_H.git\trunk\laravel\bootstrap\cache\compiled.php(1477): Illuminate\Encryption\EncryptionServiceProvider->Illuminate\Encryption\{closure}(Object(Illuminate\Foundation\Application), Array)
#2 C:\wamp64\www\cdw1_2016_2017_H.git\trunk\laravel\bootstrap\cache\compiled.php(1433): Illuminate\Container\Container->build(Object(Closure), Array)
#3 C:\wamp64\www\cdw1_2016_2017_H.git\trunk\laravel\bootstrap\cache\compiled.php(2011): Illuminate\Container\Container->make('encrypter', Array)
#4 C:\wamp64\www\cdw1_2016_2017_H.git\trunk\laravel\bootstrap\cache\compiled.php(1534): Illuminate\Foundation\Application->make('Illuminate\\Cont...')
#5 C:\wamp64\www\cdw1_2016_2017_H.git\trunk\laravel\bootstrap\cache\compiled.php(1511): Illuminate\Container\Container->resolveClass(Object(ReflectionParameter))
#6 C:\wamp64\www\cdw1_2016_2017_H.git\trunk\laravel\bootstrap\cache\compiled.php(1497): Illuminate\Container\Container->getDependencies(Array, Array)
#7 C:\wamp64\www\cdw1_2016_2017_H.git\trunk\laravel\bootstrap\cache\compiled.php(1433): Illuminate\Container\Container->build('App\\Http\\Middle...', Array)
#8 C:\wamp64\www\cdw1_2016_2017_H.git\trunk\laravel\bootstrap\cache\compiled.php(2011): Illuminate\Container\Container->make('App\\Http\\Middle...', Array)
#9 C:\wamp64\www\cdw1_2016_2017_H.git\trunk\laravel\bootstrap\cache\compiled.php(10064): Illuminate\Foundation\Application->make('App\\Http\\Middle...')
#10 C:\wamp64\www\cdw1_2016_2017_H.git\trunk\laravel\vendor\laravel\framework\src\Illuminate\Routing\Pipeline.php(33): Illuminate\Pipeline\Pipeline->Illuminate\Pipeline\{closure}(Object(Illuminate\Http\Request))
#11 C:\wamp64\www\cdw1_2016_2017_H.git\trunk\laravel\bootstrap\cache\compiled.php(10054): Illuminate\Routing\Pipeline->Illuminate\Routing\{closure}(Object(Illuminate\Http\Request))
#12 C:\wamp64\www\cdw1_2016_2017_H.git\trunk\laravel\bootstrap\cache\compiled.php(8356): Illuminate\Pipeline\Pipeline->then(Object(Closure))
#13 C:\wamp64\www\cdw1_2016_2017_H.git\trunk\laravel\bootstrap\cache\compiled.php(8347): Illuminate\Routing\Router->runRouteWithinStack(Object(Illuminate\Routing\Route), Object(Illuminate\Http\Request))
#14 C:\wamp64\www\cdw1_2016_2017_H.git\trunk\laravel\bootstrap\cache\compiled.php(8338): Illuminate\Routing\Router->dispatchToRoute(Object(Illuminate\Http\Request))
#15 C:\wamp64\www\cdw1_2016_2017_H.git\trunk\laravel\bootstrap\cache\compiled.php(2575): Illuminate\Routing\Router->dispatch(Object(Illuminate\Http\Request))
#16 C:\wamp64\www\cdw1_2016_2017_H.git\trunk\laravel\vendor\laravel\framework\src\Illuminate\Routing\Pipeline.php(53): Illuminate\Foundation\Http\Kernel->Illuminate\Foundation\Http\{closure}(Object(Illuminate\Http\Request))
#17 C:\wamp64\www\cdw1_2016_2017_H.git\trunk\laravel\bootstrap\cache\compiled.php(3374): Illuminate\Routing\Pipeline->Illuminate\Routing\{closure}(Object(Illuminate\Http\Request))
#18 C:\wamp64\www\cdw1_2016_2017_H.git\trunk\laravel\bootstrap\cache\compiled.php(10069): Illuminate\Foundation\Http\Middleware\CheckForMaintenanceMode->handle(Object(Illuminate\Http\Request), Object(Closure))
#19 C:\wamp64\www\cdw1_2016_2017_H.git\trunk\laravel\vendor\laravel\framework\src\Illuminate\Routing\Pipeline.php(33): Illuminate\Pipeline\Pipeline->Illuminate\Pipeline\{closure}(Object(Illuminate\Http\Request))
#20 C:\wamp64\www\cdw1_2016_2017_H.git\trunk\laravel\bootstrap\cache\compiled.php(10054): Illuminate\Routing\Pipeline->Illuminate\Routing\{closure}(Object(Illuminate\Http\Request))
#21 C:\wamp64\www\cdw1_2016_2017_H.git\trunk\laravel\bootstrap\cache\compiled.php(2519): Illuminate\Pipeline\Pipeline->then(Object(Closure))
#22 C:\wamp64\www\cdw1_2016_2017_H.git\trunk\laravel\bootstrap\cache\compiled.php(2503): Illuminate\Foundation\Http\Kernel->sendRequestThroughRouter(Object(Illuminate\Http\Request))
#23 C:\wamp64\www\cdw1_2016_2017_H.git\trunk\laravel\public\index.php(54): Illuminate\Foundation\Http\Kernel->handle(Object(Illuminate\Http\Request))
#24 {main}  
[2017-02-22 02:03:26] production.ERROR: exception 'RuntimeException' with message 'The only supported ciphers are AES-128-CBC and AES-256-CBC with the correct key lengths.' in C:\wamp64\www\cdw1_2016_2017_H.git\trunk\laravel\bootstrap\cache\compiled.php:13520
Stack trace:
#0 C:\wamp64\www\cdw1_2016_2017_H.git\trunk\laravel\bootstrap\cache\compiled.php(7927): Illuminate\Encryption\Encrypter->__construct(NULL, 'AES-256-CBC')
#1 C:\wamp64\www\cdw1_2016_2017_H.git\trunk\laravel\bootstrap\cache\compiled.php(1477): Illuminate\Encryption\EncryptionServiceProvider->Illuminate\Encryption\{closure}(Object(Illuminate\Foundation\Application), Array)
#2 C:\wamp64\www\cdw1_2016_2017_H.git\trunk\laravel\bootstrap\cache\compiled.php(1433): Illuminate\Container\Container->build(Object(Closure), Array)
#3 C:\wamp64\www\cdw1_2016_2017_H.git\trunk\laravel\bootstrap\cache\compiled.php(2011): Illuminate\Container\Container->make('encrypter', Array)
#4 C:\wamp64\www\cdw1_2016_2017_H.git\trunk\laravel\bootstrap\cache\compiled.php(1534): Illuminate\Foundation\Application->make('Illuminate\\Cont...')
#5 C:\wamp64\www\cdw1_2016_2017_H.git\trunk\laravel\bootstrap\cache\compiled.php(1511): Illuminate\Container\Container->resolveClass(Object(ReflectionParameter))
#6 C:\wamp64\www\cdw1_2016_2017_H.git\trunk\laravel\bootstrap\cache\compiled.php(1497): Illuminate\Container\Container->getDependencies(Array, Array)
#7 C:\wamp64\www\cdw1_2016_2017_H.git\trunk\laravel\bootstrap\cache\compiled.php(1433): Illuminate\Container\Container->build('App\\Http\\Middle...', Array)
#8 C:\wamp64\www\cdw1_2016_2017_H.git\trunk\laravel\bootstrap\cache\compiled.php(2011): Illuminate\Container\Container->make('App\\Http\\Middle...', Array)
#9 C:\wamp64\www\cdw1_2016_2017_H.git\trunk\laravel\bootstrap\cache\compiled.php(2529): Illuminate\Foundation\Application->make('App\\Http\\Middle...')
#10 C:\wamp64\www\cdw1_2016_2017_H.git\trunk\laravel\public\index.php(58): Illuminate\Foundation\Http\Kernel->terminate(Object(Illuminate\Http\Request), Object(Illuminate\Http\Response))
#11 {main}  
[2017-02-22 02:03:27] production.ERROR: exception 'RuntimeException' with message 'The only supported ciphers are AES-128-CBC and AES-256-CBC with the correct key lengths.' in C:\wamp64\www\cdw1_2016_2017_H.git\trunk\laravel\bootstrap\cache\compiled.php:13520
Stack trace:
#0 C:\wamp64\www\cdw1_2016_2017_H.git\trunk\laravel\bootstrap\cache\compiled.php(7927): Illuminate\Encryption\Encrypter->__construct(NULL, 'AES-256-CBC')
#1 C:\wamp64\www\cdw1_2016_2017_H.git\trunk\laravel\bootstrap\cache\compiled.php(1477): Illuminate\Encryption\EncryptionServiceProvider->Illuminate\Encryption\{closure}(Object(Illuminate\Foundation\Application), Array)
#2 C:\wamp64\www\cdw1_2016_2017_H.git\trunk\laravel\bootstrap\cache\compiled.php(1433): Illuminate\Container\Container->build(Object(Closure), Array)
#3 C:\wamp64\www\cdw1_2016_2017_H.git\trunk\laravel\bootstrap\cache\compiled.php(2011): Illuminate\Container\Container->make('encrypter', Array)
#4 C:\wamp64\www\cdw1_2016_2017_H.git\trunk\laravel\bootstrap\cache\compiled.php(1534): Illuminate\Foundation\Application->make('Illuminate\\Cont...')
#5 C:\wamp64\www\cdw1_2016_2017_H.git\trunk\laravel\bootstrap\cache\compiled.php(1511): Illuminate\Container\Container->resolveClass(Object(ReflectionParameter))
#6 C:\wamp64\www\cdw1_2016_2017_H.git\trunk\laravel\bootstrap\cache\compiled.php(1497): Illuminate\Container\Container->getDependencies(Array, Array)
#7 C:\wamp64\www\cdw1_2016_2017_H.git\trunk\laravel\bootstrap\cache\compiled.php(1433): Illuminate\Container\Container->build('App\\Http\\Middle...', Array)
#8 C:\wamp64\www\cdw1_2016_2017_H.git\trunk\laravel\bootstrap\cache\compiled.php(2011): Illuminate\Container\Container->make('App\\Http\\Middle...', Array)
#9 C:\wamp64\www\cdw1_2016_2017_H.git\trunk\laravel\bootstrap\cache\compiled.php(10064): Illuminate\Foundation\Application->make('App\\Http\\Middle...')
#10 C:\wamp64\www\cdw1_2016_2017_H.git\trunk\laravel\vendor\laravel\framework\src\Illuminate\Routing\Pipeline.php(33): Illuminate\Pipeline\Pipeline->Illuminate\Pipeline\{closure}(Object(Illuminate\Http\Request))
#11 C:\wamp64\www\cdw1_2016_2017_H.git\trunk\laravel\bootstrap\cache\compiled.php(10054): Illuminate\Routing\Pipeline->Illuminate\Routing\{closure}(Object(Illuminate\Http\Request))
#12 C:\wamp64\www\cdw1_2016_2017_H.git\trunk\laravel\bootstrap\cache\compiled.php(8356): Illuminate\Pipeline\Pipeline->then(Object(Closure))
#13 C:\wamp64\www\cdw1_2016_2017_H.git\trunk\laravel\bootstrap\cache\compiled.php(8347): Illuminate\Routing\Router->runRouteWithinStack(Object(Illuminate\Routing\Route), Object(Illuminate\Http\Request))
#14 C:\wamp64\www\cdw1_2016_2017_H.git\trunk\laravel\bootstrap\cache\compiled.php(8338): Illuminate\Routing\Router->dispatchToRoute(Object(Illuminate\Http\Request))
#15 C:\wamp64\www\cdw1_2016_2017_H.git\trunk\laravel\bootstrap\cache\compiled.php(2575): Illuminate\Routing\Router->dispatch(Object(Illuminate\Http\Request))
#16 C:\wamp64\www\cdw1_2016_2017_H.git\trunk\laravel\vendor\laravel\framework\src\Illuminate\Routing\Pipeline.php(53): Illuminate\Foundation\Http\Kernel->Illuminate\Foundation\Http\{closure}(Object(Illuminate\Http\Request))
#17 C:\wamp64\www\cdw1_2016_2017_H.git\trunk\laravel\bootstrap\cache\compiled.php(3374): Illuminate\Routing\Pipeline->Illuminate\Routing\{closure}(Object(Illuminate\Http\Request))
#18 C:\wamp64\www\cdw1_2016_2017_H.git\trunk\laravel\bootstrap\cache\compiled.php(10069): Illuminate\Foundation\Http\Middleware\CheckForMaintenanceMode->handle(Object(Illuminate\Http\Request), Object(Closure))
#19 C:\wamp64\www\cdw1_2016_2017_H.git\trunk\laravel\vendor\laravel\framework\src\Illuminate\Routing\Pipeline.php(33): Illuminate\Pipeline\Pipeline->Illuminate\Pipeline\{closure}(Object(Illuminate\Http\Request))
#20 C:\wamp64\www\cdw1_2016_2017_H.git\trunk\laravel\bootstrap\cache\compiled.php(10054): Illuminate\Routing\Pipeline->Illuminate\Routing\{closure}(Object(Illuminate\Http\Request))
#21 C:\wamp64\www\cdw1_2016_2017_H.git\trunk\laravel\bootstrap\cache\compiled.php(2519): Illuminate\Pipeline\Pipeline->then(Object(Closure))
#22 C:\wamp64\www\cdw1_2016_2017_H.git\trunk\laravel\bootstrap\cache\compiled.php(2503): Illuminate\Foundation\Http\Kernel->sendRequestThroughRouter(Object(Illuminate\Http\Request))
#23 C:\wamp64\www\cdw1_2016_2017_H.git\trunk\laravel\public\index.php(54): Illuminate\Foundation\Http\Kernel->handle(Object(Illuminate\Http\Request))
#24 {main}  
[2017-02-22 02:03:27] production.ERROR: exception 'RuntimeException' with message 'The only supported ciphers are AES-128-CBC and AES-256-CBC with the correct key lengths.' in C:\wamp64\www\cdw1_2016_2017_H.git\trunk\laravel\bootstrap\cache\compiled.php:13520
Stack trace:
#0 C:\wamp64\www\cdw1_2016_2017_H.git\trunk\laravel\bootstrap\cache\compiled.php(7927): Illuminate\Encryption\Encrypter->__construct(NULL, 'AES-256-CBC')
#1 C:\wamp64\www\cdw1_2016_2017_H.git\trunk\laravel\bootstrap\cache\compiled.php(1477): Illuminate\Encryption\EncryptionServiceProvider->Illuminate\Encryption\{closure}(Object(Illuminate\Foundation\Application), Array)
#2 C:\wamp64\www\cdw1_2016_2017_H.git\trunk\laravel\bootstrap\cache\compiled.php(1433): Illuminate\Container\Container->build(Object(Closure), Array)
#3 C:\wamp64\www\cdw1_2016_2017_H.git\trunk\laravel\bootstrap\cache\compiled.php(2011): Illuminate\Container\Container->make('encrypter', Array)
#4 C:\wamp64\www\cdw1_2016_2017_H.git\trunk\laravel\bootstrap\cache\compiled.php(1534): Illuminate\Foundation\Application->make('Illuminate\\Cont...')
#5 C:\wamp64\www\cdw1_2016_2017_H.git\trunk\laravel\bootstrap\cache\compiled.php(1511): Illuminate\Container\Container->resolveClass(Object(ReflectionParameter))
#6 C:\wamp64\www\cdw1_2016_2017_H.git\trunk\laravel\bootstrap\cache\compiled.php(1497): Illuminate\Container\Container->getDependencies(Array, Array)
#7 C:\wamp64\www\cdw1_2016_2017_H.git\trunk\laravel\bootstrap\cache\compiled.php(1433): Illuminate\Container\Container->build('App\\Http\\Middle...', Array)
#8 C:\wamp64\www\cdw1_2016_2017_H.git\trunk\laravel\bootstrap\cache\compiled.php(2011): Illuminate\Container\Container->make('App\\Http\\Middle...', Array)
#9 C:\wamp64\www\cdw1_2016_2017_H.git\trunk\laravel\bootstrap\cache\compiled.php(2529): Illuminate\Foundation\Application->make('App\\Http\\Middle...')
#10 C:\wamp64\www\cdw1_2016_2017_H.git\trunk\laravel\public\index.php(58): Illuminate\Foundation\Http\Kernel->terminate(Object(Illuminate\Http\Request), Object(Illuminate\Http\Response))
#11 {main}  
[2017-02-22 02:03:27] production.ERROR: exception 'RuntimeException' with message 'The only supported ciphers are AES-128-CBC and AES-256-CBC with the correct key lengths.' in C:\wamp64\www\cdw1_2016_2017_H.git\trunk\laravel\bootstrap\cache\compiled.php:13520
Stack trace:
#0 C:\wamp64\www\cdw1_2016_2017_H.git\trunk\laravel\bootstrap\cache\compiled.php(7927): Illuminate\Encryption\Encrypter->__construct(NULL, 'AES-256-CBC')
#1 C:\wamp64\www\cdw1_2016_2017_H.git\trunk\laravel\bootstrap\cache\compiled.php(1477): Illuminate\Encryption\EncryptionServiceProvider->Illuminate\Encryption\{closure}(Object(Illuminate\Foundation\Application), Array)
#2 C:\wamp64\www\cdw1_2016_2017_H.git\trunk\laravel\bootstrap\cache\compiled.php(1433): Illuminate\Container\Container->build(Object(Closure), Array)
#3 C:\wamp64\www\cdw1_2016_2017_H.git\trunk\laravel\bootstrap\cache\compiled.php(2011): Illuminate\Container\Container->make('encrypter', Array)
#4 C:\wamp64\www\cdw1_2016_2017_H.git\trunk\laravel\bootstrap\cache\compiled.php(1534): Illuminate\Foundation\Application->make('Illuminate\\Cont...')
#5 C:\wamp64\www\cdw1_2016_2017_H.git\trunk\laravel\bootstrap\cache\compiled.php(1511): Illuminate\Container\Container->resolveClass(Object(ReflectionParameter))
#6 C:\wamp64\www\cdw1_2016_2017_H.git\trunk\laravel\bootstrap\cache\compiled.php(1497): Illuminate\Container\Container->getDependencies(Array, Array)
#7 C:\wamp64\www\cdw1_2016_2017_H.git\trunk\laravel\bootstrap\cache\compiled.php(1433): Illuminate\Container\Container->build('App\\Http\\Middle...', Array)
#8 C:\wamp64\www\cdw1_2016_2017_H.git\trunk\laravel\bootstrap\cache\compiled.php(2011): Illuminate\Container\Container->make('App\\Http\\Middle...', Array)
#9 C:\wamp64\www\cdw1_2016_2017_H.git\trunk\laravel\bootstrap\cache\compiled.php(10064): Illuminate\Foundation\Application->make('App\\Http\\Middle...')
#10 C:\wamp64\www\cdw1_2016_2017_H.git\trunk\laravel\vendor\laravel\framework\src\Illuminate\Routing\Pipeline.php(33): Illuminate\Pipeline\Pipeline->Illuminate\Pipeline\{closure}(Object(Illuminate\Http\Request))
#11 C:\wamp64\www\cdw1_2016_2017_H.git\trunk\laravel\bootstrap\cache\compiled.php(10054): Illuminate\Routing\Pipeline->Illuminate\Routing\{closure}(Object(Illuminate\Http\Request))
#12 C:\wamp64\www\cdw1_2016_2017_H.git\trunk\laravel\bootstrap\cache\compiled.php(8356): Illuminate\Pipeline\Pipeline->then(Object(Closure))
#13 C:\wamp64\www\cdw1_2016_2017_H.git\trunk\laravel\bootstrap\cache\compiled.php(8347): Illuminate\Routing\Router->runRouteWithinStack(Object(Illuminate\Routing\Route), Object(Illuminate\Http\Request))
#14 C:\wamp64\www\cdw1_2016_2017_H.git\trunk\laravel\bootstrap\cache\compiled.php(8338): Illuminate\Routing\Router->dispatchToRoute(Object(Illuminate\Http\Request))
#15 C:\wamp64\www\cdw1_2016_2017_H.git\trunk\laravel\bootstrap\cache\compiled.php(2575): Illuminate\Routing\Router->dispatch(Object(Illuminate\Http\Request))
#16 C:\wamp64\www\cdw1_2016_2017_H.git\trunk\laravel\vendor\laravel\framework\src\Illuminate\Routing\Pipeline.php(53): Illuminate\Foundation\Http\Kernel->Illuminate\Foundation\Http\{closure}(Object(Illuminate\Http\Request))
#17 C:\wamp64\www\cdw1_2016_2017_H.git\trunk\laravel\bootstrap\cache\compiled.php(3374): Illuminate\Routing\Pipeline->Illuminate\Routing\{closure}(Object(Illuminate\Http\Request))
#18 C:\wamp64\www\cdw1_2016_2017_H.git\trunk\laravel\bootstrap\cache\compiled.php(10069): Illuminate\Foundation\Http\Middleware\CheckForMaintenanceMode->handle(Object(Illuminate\Http\Request), Object(Closure))
#19 C:\wamp64\www\cdw1_2016_2017_H.git\trunk\laravel\vendor\laravel\framework\src\Illuminate\Routing\Pipeline.php(33): Illuminate\Pipeline\Pipeline->Illuminate\Pipeline\{closure}(Object(Illuminate\Http\Request))
#20 C:\wamp64\www\cdw1_2016_2017_H.git\trunk\laravel\bootstrap\cache\compiled.php(10054): Illuminate\Routing\Pipeline->Illuminate\Routing\{closure}(Object(Illuminate\Http\Request))
#21 C:\wamp64\www\cdw1_2016_2017_H.git\trunk\laravel\bootstrap\cache\compiled.php(2519): Illuminate\Pipeline\Pipeline->then(Object(Closure))
#22 C:\wamp64\www\cdw1_2016_2017_H.git\trunk\laravel\bootstrap\cache\compiled.php(2503): Illuminate\Foundation\Http\Kernel->sendRequestThroughRouter(Object(Illuminate\Http\Request))
#23 C:\wamp64\www\cdw1_2016_2017_H.git\trunk\laravel\public\index.php(54): Illuminate\Foundation\Http\Kernel->handle(Object(Illuminate\Http\Request))
#24 {main}  
[2017-02-22 02:03:27] production.ERROR: exception 'RuntimeException' with message 'The only supported ciphers are AES-128-CBC and AES-256-CBC with the correct key lengths.' in C:\wamp64\www\cdw1_2016_2017_H.git\trunk\laravel\bootstrap\cache\compiled.php:13520
Stack trace:
#0 C:\wamp64\www\cdw1_2016_2017_H.git\trunk\laravel\bootstrap\cache\compiled.php(7927): Illuminate\Encryption\Encrypter->__construct(NULL, 'AES-256-CBC')
#1 C:\wamp64\www\cdw1_2016_2017_H.git\trunk\laravel\bootstrap\cache\compiled.php(1477): Illuminate\Encryption\EncryptionServiceProvider->Illuminate\Encryption\{closure}(Object(Illuminate\Foundation\Application), Array)
#2 C:\wamp64\www\cdw1_2016_2017_H.git\trunk\laravel\bootstrap\cache\compiled.php(1433): Illuminate\Container\Container->build(Object(Closure), Array)
#3 C:\wamp64\www\cdw1_2016_2017_H.git\trunk\laravel\bootstrap\cache\compiled.php(2011): Illuminate\Container\Container->make('encrypter', Array)
#4 C:\wamp64\www\cdw1_2016_2017_H.git\trunk\laravel\bootstrap\cache\compiled.php(1534): Illuminate\Foundation\Application->make('Illuminate\\Cont...')
#5 C:\wamp64\www\cdw1_2016_2017_H.git\trunk\laravel\bootstrap\cache\compiled.php(1511): Illuminate\Container\Container->resolveClass(Object(ReflectionParameter))
#6 C:\wamp64\www\cdw1_2016_2017_H.git\trunk\laravel\bootstrap\cache\compiled.php(1497): Illuminate\Container\Container->getDependencies(Array, Array)
#7 C:\wamp64\www\cdw1_2016_2017_H.git\trunk\laravel\bootstrap\cache\compiled.php(1433): Illuminate\Container\Container->build('App\\Http\\Middle...', Array)
#8 C:\wamp64\www\cdw1_2016_2017_H.git\trunk\laravel\bootstrap\cache\compiled.php(2011): Illuminate\Container\Container->make('App\\Http\\Middle...', Array)
#9 C:\wamp64\www\cdw1_2016_2017_H.git\trunk\laravel\bootstrap\cache\compiled.php(2529): Illuminate\Foundation\Application->make('App\\Http\\Middle...')
#10 C:\wamp64\www\cdw1_2016_2017_H.git\trunk\laravel\public\index.php(58): Illuminate\Foundation\Http\Kernel->terminate(Object(Illuminate\Http\Request), Object(Illuminate\Http\Response))
#11 {main}  
[2017-02-22 02:03:27] production.ERROR: exception 'RuntimeException' with message 'The only supported ciphers are AES-128-CBC and AES-256-CBC with the correct key lengths.' in C:\wamp64\www\cdw1_2016_2017_H.git\trunk\laravel\bootstrap\cache\compiled.php:13520
Stack trace:
#0 C:\wamp64\www\cdw1_2016_2017_H.git\trunk\laravel\bootstrap\cache\compiled.php(7927): Illuminate\Encryption\Encrypter->__construct(NULL, 'AES-256-CBC')
#1 C:\wamp64\www\cdw1_2016_2017_H.git\trunk\laravel\bootstrap\cache\compiled.php(1477): Illuminate\Encryption\EncryptionServiceProvider->Illuminate\Encryption\{closure}(Object(Illuminate\Foundation\Application), Array)
#2 C:\wamp64\www\cdw1_2016_2017_H.git\trunk\laravel\bootstrap\cache\compiled.php(1433): Illuminate\Container\Container->build(Object(Closure), Array)
#3 C:\wamp64\www\cdw1_2016_2017_H.git\trunk\laravel\bootstrap\cache\compiled.php(2011): Illuminate\Container\Container->make('encrypter', Array)
#4 C:\wamp64\www\cdw1_2016_2017_H.git\trunk\laravel\bootstrap\cache\compiled.php(1534): Illuminate\Foundation\Application->make('Illuminate\\Cont...')
#5 C:\wamp64\www\cdw1_2016_2017_H.git\trunk\laravel\bootstrap\cache\compiled.php(1511): Illuminate\Container\Container->resolveClass(Object(ReflectionParameter))
#6 C:\wamp64\www\cdw1_2016_2017_H.git\trunk\laravel\bootstrap\cache\compiled.php(1497): Illuminate\Container\Container->getDependencies(Array, Array)
#7 C:\wamp64\www\cdw1_2016_2017_H.git\trunk\laravel\bootstrap\cache\compiled.php(1433): Illuminate\Container\Container->build('App\\Http\\Middle...', Array)
#8 C:\wamp64\www\cdw1_2016_2017_H.git\trunk\laravel\bootstrap\cache\compiled.php(2011): Illuminate\Container\Container->make('App\\Http\\Middle...', Array)
#9 C:\wamp64\www\cdw1_2016_2017_H.git\trunk\laravel\bootstrap\cache\compiled.php(10064): Illuminate\Foundation\Application->make('App\\Http\\Middle...')
#10 C:\wamp64\www\cdw1_2016_2017_H.git\trunk\laravel\vendor\laravel\framework\src\Illuminate\Routing\Pipeline.php(33): Illuminate\Pipeline\Pipeline->Illuminate\Pipeline\{closure}(Object(Illuminate\Http\Request))
#11 C:\wamp64\www\cdw1_2016_2017_H.git\trunk\laravel\bootstrap\cache\compiled.php(10054): Illuminate\Routing\Pipeline->Illuminate\Routing\{closure}(Object(Illuminate\Http\Request))
#12 C:\wamp64\www\cdw1_2016_2017_H.git\trunk\laravel\bootstrap\cache\compiled.php(8356): Illuminate\Pipeline\Pipeline->then(Object(Closure))
#13 C:\wamp64\www\cdw1_2016_2017_H.git\trunk\laravel\bootstrap\cache\compiled.php(8347): Illuminate\Routing\Router->runRouteWithinStack(Object(Illuminate\Routing\Route), Object(Illuminate\Http\Request))
#14 C:\wamp64\www\cdw1_2016_2017_H.git\trunk\laravel\bootstrap\cache\compiled.php(8338): Illuminate\Routing\Router->dispatchToRoute(Object(Illuminate\Http\Request))
#15 C:\wamp64\www\cdw1_2016_2017_H.git\trunk\laravel\bootstrap\cache\compiled.php(2575): Illuminate\Routing\Router->dispatch(Object(Illuminate\Http\Request))
#16 C:\wamp64\www\cdw1_2016_2017_H.git\trunk\laravel\vendor\laravel\framework\src\Illuminate\Routing\Pipeline.php(53): Illuminate\Foundation\Http\Kernel->Illuminate\Foundation\Http\{closure}(Object(Illuminate\Http\Request))
#17 C:\wamp64\www\cdw1_2016_2017_H.git\trunk\laravel\bootstrap\cache\compiled.php(3374): Illuminate\Routing\Pipeline->Illuminate\Routing\{closure}(Object(Illuminate\Http\Request))
#18 C:\wamp64\www\cdw1_2016_2017_H.git\trunk\laravel\bootstrap\cache\compiled.php(10069): Illuminate\Foundation\Http\Middleware\CheckForMaintenanceMode->handle(Object(Illuminate\Http\Request), Object(Closure))
#19 C:\wamp64\www\cdw1_2016_2017_H.git\trunk\laravel\vendor\laravel\framework\src\Illuminate\Routing\Pipeline.php(33): Illuminate\Pipeline\Pipeline->Illuminate\Pipeline\{closure}(Object(Illuminate\Http\Request))
#20 C:\wamp64\www\cdw1_2016_2017_H.git\trunk\laravel\bootstrap\cache\compiled.php(10054): Illuminate\Routing\Pipeline->Illuminate\Routing\{closure}(Object(Illuminate\Http\Request))
#21 C:\wamp64\www\cdw1_2016_2017_H.git\trunk\laravel\bootstrap\cache\compiled.php(2519): Illuminate\Pipeline\Pipeline->then(Object(Closure))
#22 C:\wamp64\www\cdw1_2016_2017_H.git\trunk\laravel\bootstrap\cache\compiled.php(2503): Illuminate\Foundation\Http\Kernel->sendRequestThroughRouter(Object(Illuminate\Http\Request))
#23 C:\wamp64\www\cdw1_2016_2017_H.git\trunk\laravel\public\index.php(54): Illuminate\Foundation\Http\Kernel->handle(Object(Illuminate\Http\Request))
#24 {main}  
[2017-02-22 02:03:27] production.ERROR: exception 'RuntimeException' with message 'The only supported ciphers are AES-128-CBC and AES-256-CBC with the correct key lengths.' in C:\wamp64\www\cdw1_2016_2017_H.git\trunk\laravel\bootstrap\cache\compiled.php:13520
Stack trace:
#0 C:\wamp64\www\cdw1_2016_2017_H.git\trunk\laravel\bootstrap\cache\compiled.php(7927): Illuminate\Encryption\Encrypter->__construct(NULL, 'AES-256-CBC')
#1 C:\wamp64\www\cdw1_2016_2017_H.git\trunk\laravel\bootstrap\cache\compiled.php(1477): Illuminate\Encryption\EncryptionServiceProvider->Illuminate\Encryption\{closure}(Object(Illuminate\Foundation\Application), Array)
#2 C:\wamp64\www\cdw1_2016_2017_H.git\trunk\laravel\bootstrap\cache\compiled.php(1433): Illuminate\Container\Container->build(Object(Closure), Array)
#3 C:\wamp64\www\cdw1_2016_2017_H.git\trunk\laravel\bootstrap\cache\compiled.php(2011): Illuminate\Container\Container->make('encrypter', Array)
#4 C:\wamp64\www\cdw1_2016_2017_H.git\trunk\laravel\bootstrap\cache\compiled.php(1534): Illuminate\Foundation\Application->make('Illuminate\\Cont...')
#5 C:\wamp64\www\cdw1_2016_2017_H.git\trunk\laravel\bootstrap\cache\compiled.php(1511): Illuminate\Container\Container->resolveClass(Object(ReflectionParameter))
#6 C:\wamp64\www\cdw1_2016_2017_H.git\trunk\laravel\bootstrap\cache\compiled.php(1497): Illuminate\Container\Container->getDependencies(Array, Array)
#7 C:\wamp64\www\cdw1_2016_2017_H.git\trunk\laravel\bootstrap\cache\compiled.php(1433): Illuminate\Container\Container->build('App\\Http\\Middle...', Array)
#8 C:\wamp64\www\cdw1_2016_2017_H.git\trunk\laravel\bootstrap\cache\compiled.php(2011): Illuminate\Container\Container->make('App\\Http\\Middle...', Array)
#9 C:\wamp64\www\cdw1_2016_2017_H.git\trunk\laravel\bootstrap\cache\compiled.php(2529): Illuminate\Foundation\Application->make('App\\Http\\Middle...')
#10 C:\wamp64\www\cdw1_2016_2017_H.git\trunk\laravel\public\index.php(58): Illuminate\Foundation\Http\Kernel->terminate(Object(Illuminate\Http\Request), Object(Illuminate\Http\Response))
#11 {main}  
[2017-02-22 02:03:27] production.ERROR: exception 'RuntimeException' with message 'The only supported ciphers are AES-128-CBC and AES-256-CBC with the correct key lengths.' in C:\wamp64\www\cdw1_2016_2017_H.git\trunk\laravel\bootstrap\cache\compiled.php:13520
Stack trace:
#0 C:\wamp64\www\cdw1_2016_2017_H.git\trunk\laravel\bootstrap\cache\compiled.php(7927): Illuminate\Encryption\Encrypter->__construct(NULL, 'AES-256-CBC')
#1 C:\wamp64\www\cdw1_2016_2017_H.git\trunk\laravel\bootstrap\cache\compiled.php(1477): Illuminate\Encryption\EncryptionServiceProvider->Illuminate\Encryption\{closure}(Object(Illuminate\Foundation\Application), Array)
#2 C:\wamp64\www\cdw1_2016_2017_H.git\trunk\laravel\bootstrap\cache\compiled.php(1433): Illuminate\Container\Container->build(Object(Closure), Array)
#3 C:\wamp64\www\cdw1_2016_2017_H.git\trunk\laravel\bootstrap\cache\compiled.php(2011): Illuminate\Container\Container->make('encrypter', Array)
#4 C:\wamp64\www\cdw1_2016_2017_H.git\trunk\laravel\bootstrap\cache\compiled.php(1534): Illuminate\Foundation\Application->make('Illuminate\\Cont...')
#5 C:\wamp64\www\cdw1_2016_2017_H.git\trunk\laravel\bootstrap\cache\compiled.php(1511): Illuminate\Container\Container->resolveClass(Object(ReflectionParameter))
#6 C:\wamp64\www\cdw1_2016_2017_H.git\trunk\laravel\bootstrap\cache\compiled.php(1497): Illuminate\Container\Container->getDependencies(Array, Array)
#7 C:\wamp64\www\cdw1_2016_2017_H.git\trunk\laravel\bootstrap\cache\compiled.php(1433): Illuminate\Container\Container->build('App\\Http\\Middle...', Array)
#8 C:\wamp64\www\cdw1_2016_2017_H.git\trunk\laravel\bootstrap\cache\compiled.php(2011): Illuminate\Container\Container->make('App\\Http\\Middle...', Array)
#9 C:\wamp64\www\cdw1_2016_2017_H.git\trunk\laravel\bootstrap\cache\compiled.php(10064): Illuminate\Foundation\Application->make('App\\Http\\Middle...')
#10 C:\wamp64\www\cdw1_2016_2017_H.git\trunk\laravel\vendor\laravel\framework\src\Illuminate\Routing\Pipeline.php(33): Illuminate\Pipeline\Pipeline->Illuminate\Pipeline\{closure}(Object(Illuminate\Http\Request))
#11 C:\wamp64\www\cdw1_2016_2017_H.git\trunk\laravel\bootstrap\cache\compiled.php(10054): Illuminate\Routing\Pipeline->Illuminate\Routing\{closure}(Object(Illuminate\Http\Request))
#12 C:\wamp64\www\cdw1_2016_2017_H.git\trunk\laravel\bootstrap\cache\compiled.php(8356): Illuminate\Pipeline\Pipeline->then(Object(Closure))
#13 C:\wamp64\www\cdw1_2016_2017_H.git\trunk\laravel\bootstrap\cache\compiled.php(8347): Illuminate\Routing\Router->runRouteWithinStack(Object(Illuminate\Routing\Route), Object(Illuminate\Http\Request))
#14 C:\wamp64\www\cdw1_2016_2017_H.git\trunk\laravel\bootstrap\cache\compiled.php(8338): Illuminate\Routing\Router->dispatchToRoute(Object(Illuminate\Http\Request))
#15 C:\wamp64\www\cdw1_2016_2017_H.git\trunk\laravel\bootstrap\cache\compiled.php(2575): Illuminate\Routing\Router->dispatch(Object(Illuminate\Http\Request))
#16 C:\wamp64\www\cdw1_2016_2017_H.git\trunk\laravel\vendor\laravel\framework\src\Illuminate\Routing\Pipeline.php(53): Illuminate\Foundation\Http\Kernel->Illuminate\Foundation\Http\{closure}(Object(Illuminate\Http\Request))
#17 C:\wamp64\www\cdw1_2016_2017_H.git\trunk\laravel\bootstrap\cache\compiled.php(3374): Illuminate\Routing\Pipeline->Illuminate\Routing\{closure}(Object(Illuminate\Http\Request))
#18 C:\wamp64\www\cdw1_2016_2017_H.git\trunk\laravel\bootstrap\cache\compiled.php(10069): Illuminate\Foundation\Http\Middleware\CheckForMaintenanceMode->handle(Object(Illuminate\Http\Request), Object(Closure))
#19 C:\wamp64\www\cdw1_2016_2017_H.git\trunk\laravel\vendor\laravel\framework\src\Illuminate\Routing\Pipeline.php(33): Illuminate\Pipeline\Pipeline->Illuminate\Pipeline\{closure}(Object(Illuminate\Http\Request))
#20 C:\wamp64\www\cdw1_2016_2017_H.git\trunk\laravel\bootstrap\cache\compiled.php(10054): Illuminate\Routing\Pipeline->Illuminate\Routing\{closure}(Object(Illuminate\Http\Request))
#21 C:\wamp64\www\cdw1_2016_2017_H.git\trunk\laravel\bootstrap\cache\compiled.php(2519): Illuminate\Pipeline\Pipeline->then(Object(Closure))
#22 C:\wamp64\www\cdw1_2016_2017_H.git\trunk\laravel\bootstrap\cache\compiled.php(2503): Illuminate\Foundation\Http\Kernel->sendRequestThroughRouter(Object(Illuminate\Http\Request))
#23 C:\wamp64\www\cdw1_2016_2017_H.git\trunk\laravel\public\index.php(54): Illuminate\Foundation\Http\Kernel->handle(Object(Illuminate\Http\Request))
#24 {main}  
[2017-02-22 02:03:27] production.ERROR: exception 'RuntimeException' with message 'The only supported ciphers are AES-128-CBC and AES-256-CBC with the correct key lengths.' in C:\wamp64\www\cdw1_2016_2017_H.git\trunk\laravel\bootstrap\cache\compiled.php:13520
Stack trace:
#0 C:\wamp64\www\cdw1_2016_2017_H.git\trunk\laravel\bootstrap\cache\compiled.php(7927): Illuminate\Encryption\Encrypter->__construct(NULL, 'AES-256-CBC')
#1 C:\wamp64\www\cdw1_2016_2017_H.git\trunk\laravel\bootstrap\cache\compiled.php(1477): Illuminate\Encryption\EncryptionServiceProvider->Illuminate\Encryption\{closure}(Object(Illuminate\Foundation\Application), Array)
#2 C:\wamp64\www\cdw1_2016_2017_H.git\trunk\laravel\bootstrap\cache\compiled.php(1433): Illuminate\Container\Container->build(Object(Closure), Array)
#3 C:\wamp64\www\cdw1_2016_2017_H.git\trunk\laravel\bootstrap\cache\compiled.php(2011): Illuminate\Container\Container->make('encrypter', Array)
#4 C:\wamp64\www\cdw1_2016_2017_H.git\trunk\laravel\bootstrap\cache\compiled.php(1534): Illuminate\Foundation\Application->make('Illuminate\\Cont...')
#5 C:\wamp64\www\cdw1_2016_2017_H.git\trunk\laravel\bootstrap\cache\compiled.php(1511): Illuminate\Container\Container->resolveClass(Object(ReflectionParameter))
#6 C:\wamp64\www\cdw1_2016_2017_H.git\trunk\laravel\bootstrap\cache\compiled.php(1497): Illuminate\Container\Container->getDependencies(Array, Array)
#7 C:\wamp64\www\cdw1_2016_2017_H.git\trunk\laravel\bootstrap\cache\compiled.php(1433): Illuminate\Container\Container->build('App\\Http\\Middle...', Array)
#8 C:\wamp64\www\cdw1_2016_2017_H.git\trunk\laravel\bootstrap\cache\compiled.php(2011): Illuminate\Container\Container->make('App\\Http\\Middle...', Array)
#9 C:\wamp64\www\cdw1_2016_2017_H.git\trunk\laravel\bootstrap\cache\compiled.php(2529): Illuminate\Foundation\Application->make('App\\Http\\Middle...')
#10 C:\wamp64\www\cdw1_2016_2017_H.git\trunk\laravel\public\index.php(58): Illuminate\Foundation\Http\Kernel->terminate(Object(Illuminate\Http\Request), Object(Illuminate\Http\Response))
#11 {main}  
[2017-02-22 02:03:27] production.ERROR: exception 'RuntimeException' with message 'The only supported ciphers are AES-128-CBC and AES-256-CBC with the correct key lengths.' in C:\wamp64\www\cdw1_2016_2017_H.git\trunk\laravel\bootstrap\cache\compiled.php:13520
Stack trace:
#0 C:\wamp64\www\cdw1_2016_2017_H.git\trunk\laravel\bootstrap\cache\compiled.php(7927): Illuminate\Encryption\Encrypter->__construct(NULL, 'AES-256-CBC')
#1 C:\wamp64\www\cdw1_2016_2017_H.git\trunk\laravel\bootstrap\cache\compiled.php(1477): Illuminate\Encryption\EncryptionServiceProvider->Illuminate\Encryption\{closure}(Object(Illuminate\Foundation\Application), Array)
#2 C:\wamp64\www\cdw1_2016_2017_H.git\trunk\laravel\bootstrap\cache\compiled.php(1433): Illuminate\Container\Container->build(Object(Closure), Array)
#3 C:\wamp64\www\cdw1_2016_2017_H.git\trunk\laravel\bootstrap\cache\compiled.php(2011): Illuminate\Container\Container->make('encrypter', Array)
#4 C:\wamp64\www\cdw1_2016_2017_H.git\trunk\laravel\bootstrap\cache\compiled.php(1534): Illuminate\Foundation\Application->make('Illuminate\\Cont...')
#5 C:\wamp64\www\cdw1_2016_2017_H.git\trunk\laravel\bootstrap\cache\compiled.php(1511): Illuminate\Container\Container->resolveClass(Object(ReflectionParameter))
#6 C:\wamp64\www\cdw1_2016_2017_H.git\trunk\laravel\bootstrap\cache\compiled.php(1497): Illuminate\Container\Container->getDependencies(Array, Array)
#7 C:\wamp64\www\cdw1_2016_2017_H.git\trunk\laravel\bootstrap\cache\compiled.php(1433): Illuminate\Container\Container->build('App\\Http\\Middle...', Array)
#8 C:\wamp64\www\cdw1_2016_2017_H.git\trunk\laravel\bootstrap\cache\compiled.php(2011): Illuminate\Container\Container->make('App\\Http\\Middle...', Array)
#9 C:\wamp64\www\cdw1_2016_2017_H.git\trunk\laravel\bootstrap\cache\compiled.php(10064): Illuminate\Foundation\Application->make('App\\Http\\Middle...')
#10 C:\wamp64\www\cdw1_2016_2017_H.git\trunk\laravel\vendor\laravel\framework\src\Illuminate\Routing\Pipeline.php(33): Illuminate\Pipeline\Pipeline->Illuminate\Pipeline\{closure}(Object(Illuminate\Http\Request))
#11 C:\wamp64\www\cdw1_2016_2017_H.git\trunk\laravel\bootstrap\cache\compiled.php(10054): Illuminate\Routing\Pipeline->Illuminate\Routing\{closure}(Object(Illuminate\Http\Request))
#12 C:\wamp64\www\cdw1_2016_2017_H.git\trunk\laravel\bootstrap\cache\compiled.php(8356): Illuminate\Pipeline\Pipeline->then(Object(Closure))
#13 C:\wamp64\www\cdw1_2016_2017_H.git\trunk\laravel\bootstrap\cache\compiled.php(8347): Illuminate\Routing\Router->runRouteWithinStack(Object(Illuminate\Routing\Route), Object(Illuminate\Http\Request))
#14 C:\wamp64\www\cdw1_2016_2017_H.git\trunk\laravel\bootstrap\cache\compiled.php(8338): Illuminate\Routing\Router->dispatchToRoute(Object(Illuminate\Http\Request))
#15 C:\wamp64\www\cdw1_2016_2017_H.git\trunk\laravel\bootstrap\cache\compiled.php(2575): Illuminate\Routing\Router->dispatch(Object(Illuminate\Http\Request))
#16 C:\wamp64\www\cdw1_2016_2017_H.git\trunk\laravel\vendor\laravel\framework\src\Illuminate\Routing\Pipeline.php(53): Illuminate\Foundation\Http\Kernel->Illuminate\Foundation\Http\{closure}(Object(Illuminate\Http\Request))
#17 C:\wamp64\www\cdw1_2016_2017_H.git\trunk\laravel\bootstrap\cache\compiled.php(3374): Illuminate\Routing\Pipeline->Illuminate\Routing\{closure}(Object(Illuminate\Http\Request))
#18 C:\wamp64\www\cdw1_2016_2017_H.git\trunk\laravel\bootstrap\cache\compiled.php(10069): Illuminate\Foundation\Http\Middleware\CheckForMaintenanceMode->handle(Object(Illuminate\Http\Request), Object(Closure))
#19 C:\wamp64\www\cdw1_2016_2017_H.git\trunk\laravel\vendor\laravel\framework\src\Illuminate\Routing\Pipeline.php(33): Illuminate\Pipeline\Pipeline->Illuminate\Pipeline\{closure}(Object(Illuminate\Http\Request))
#20 C:\wamp64\www\cdw1_2016_2017_H.git\trunk\laravel\bootstrap\cache\compiled.php(10054): Illuminate\Routing\Pipeline->Illuminate\Routing\{closure}(Object(Illuminate\Http\Request))
#21 C:\wamp64\www\cdw1_2016_2017_H.git\trunk\laravel\bootstrap\cache\compiled.php(2519): Illuminate\Pipeline\Pipeline->then(Object(Closure))
#22 C:\wamp64\www\cdw1_2016_2017_H.git\trunk\laravel\bootstrap\cache\compiled.php(2503): Illuminate\Foundation\Http\Kernel->sendRequestThroughRouter(Object(Illuminate\Http\Request))
#23 C:\wamp64\www\cdw1_2016_2017_H.git\trunk\laravel\public\index.php(54): Illuminate\Foundation\Http\Kernel->handle(Object(Illuminate\Http\Request))
#24 {main}  
[2017-02-22 02:03:27] production.ERROR: exception 'RuntimeException' with message 'The only supported ciphers are AES-128-CBC and AES-256-CBC with the correct key lengths.' in C:\wamp64\www\cdw1_2016_2017_H.git\trunk\laravel\bootstrap\cache\compiled.php:13520
Stack trace:
#0 C:\wamp64\www\cdw1_2016_2017_H.git\trunk\laravel\bootstrap\cache\compiled.php(7927): Illuminate\Encryption\Encrypter->__construct(NULL, 'AES-256-CBC')
#1 C:\wamp64\www\cdw1_2016_2017_H.git\trunk\laravel\bootstrap\cache\compiled.php(1477): Illuminate\Encryption\EncryptionServiceProvider->Illuminate\Encryption\{closure}(Object(Illuminate\Foundation\Application), Array)
#2 C:\wamp64\www\cdw1_2016_2017_H.git\trunk\laravel\bootstrap\cache\compiled.php(1433): Illuminate\Container\Container->build(Object(Closure), Array)
#3 C:\wamp64\www\cdw1_2016_2017_H.git\trunk\laravel\bootstrap\cache\compiled.php(2011): Illuminate\Container\Container->make('encrypter', Array)
#4 C:\wamp64\www\cdw1_2016_2017_H.git\trunk\laravel\bootstrap\cache\compiled.php(1534): Illuminate\Foundation\Application->make('Illuminate\\Cont...')
#5 C:\wamp64\www\cdw1_2016_2017_H.git\trunk\laravel\bootstrap\cache\compiled.php(1511): Illuminate\Container\Container->resolveClass(Object(ReflectionParameter))
#6 C:\wamp64\www\cdw1_2016_2017_H.git\trunk\laravel\bootstrap\cache\compiled.php(1497): Illuminate\Container\Container->getDependencies(Array, Array)
#7 C:\wamp64\www\cdw1_2016_2017_H.git\trunk\laravel\bootstrap\cache\compiled.php(1433): Illuminate\Container\Container->build('App\\Http\\Middle...', Array)
#8 C:\wamp64\www\cdw1_2016_2017_H.git\trunk\laravel\bootstrap\cache\compiled.php(2011): Illuminate\Container\Container->make('App\\Http\\Middle...', Array)
#9 C:\wamp64\www\cdw1_2016_2017_H.git\trunk\laravel\bootstrap\cache\compiled.php(2529): Illuminate\Foundation\Application->make('App\\Http\\Middle...')
#10 C:\wamp64\www\cdw1_2016_2017_H.git\trunk\laravel\public\index.php(58): Illuminate\Foundation\Http\Kernel->terminate(Object(Illuminate\Http\Request), Object(Illuminate\Http\Response))
#11 {main}  
[2017-02-22 03:06:06] local.ERROR: exception 'Symfony\Component\Debug\Exception\FatalErrorException' with message 'Class name must be a valid object or a string' in C:\wamp64\www\cdw1_2016_2017_H.git\trunk\laravel\bootstrap\cache\compiled.php:7825
Stack trace:
#0 C:\wamp64\www\cdw1_2016_2017_H.git\trunk\laravel\bootstrap\cache\compiled.php(2323): Symfony\Component\Debug\Exception\FatalErrorException->__construct()
#1 C:\wamp64\www\cdw1_2016_2017_H.git\trunk\laravel\bootstrap\cache\compiled.php(2318): Illuminate\Foundation\Bootstrap\HandleExceptions->fatalExceptionFromError()
#2 C:\wamp64\www\cdw1_2016_2017_H.git\trunk\laravel\bootstrap\cache\compiled.php(0): Illuminate\Foundation\Bootstrap\HandleExceptions->handleShutdown()
#3 C:\wamp64\www\cdw1_2016_2017_H.git\trunk\laravel\bootstrap\cache\compiled.php(7811): Illuminate\Foundation\ProviderRepository->createProvider()
#4 C:\wamp64\www\cdw1_2016_2017_H.git\trunk\laravel\bootstrap\cache\compiled.php(7787): Illuminate\Foundation\ProviderRepository->compileManifest()
#5 C:\wamp64\www\cdw1_2016_2017_H.git\trunk\laravel\bootstrap\cache\compiled.php(1937): Illuminate\Foundation\ProviderRepository->load()
#6 C:\wamp64\www\cdw1_2016_2017_H.git\trunk\laravel\bootstrap\cache\compiled.php(2357): Illuminate\Foundation\Application->registerConfiguredProviders()
#7 C:\wamp64\www\cdw1_2016_2017_H.git\trunk\laravel\bootstrap\cache\compiled.php(1796): Illuminate\Foundation\Bootstrap\RegisterProviders->bootstrap()
#8 C:\wamp64\www\cdw1_2016_2017_H.git\trunk\laravel\bootstrap\cache\compiled.php(2568): Illuminate\Foundation\Application->bootstrapWith()
#9 C:\wamp64\www\cdw1_2016_2017_H.git\trunk\laravel\bootstrap\cache\compiled.php(2518): Illuminate\Foundation\Http\Kernel->bootstrap()
#10 C:\wamp64\www\cdw1_2016_2017_H.git\trunk\laravel\bootstrap\cache\compiled.php(2503): Illuminate\Foundation\Http\Kernel->sendRequestThroughRouter()
#11 C:\wamp64\www\cdw1_2016_2017_H.git\trunk\laravel\public\index.php(54): Illuminate\Foundation\Http\Kernel->handle()
#12 C:\wamp64\www\cdw1_2016_2017_H.git\trunk\laravel\public\index.php(0): {main}()
#13 {main}  
[2017-02-22 03:39:20] local.ERROR: exception 'Symfony\Component\Debug\Exception\FatalErrorException' with message 'Class name must be a valid object or a string' in C:\wamp64\www\cdw1_2016_2017_H.git\trunk\laravel\bootstrap\cache\compiled.php:7825
Stack trace:
#0 C:\wamp64\www\cdw1_2016_2017_H.git\trunk\laravel\bootstrap\cache\compiled.php(2323): Symfony\Component\Debug\Exception\FatalErrorException->__construct()
#1 C:\wamp64\www\cdw1_2016_2017_H.git\trunk\laravel\bootstrap\cache\compiled.php(2318): Illuminate\Foundation\Bootstrap\HandleExceptions->fatalExceptionFromError()
#2 C:\wamp64\www\cdw1_2016_2017_H.git\trunk\laravel\bootstrap\cache\compiled.php(0): Illuminate\Foundation\Bootstrap\HandleExceptions->handleShutdown()
#3 C:\wamp64\www\cdw1_2016_2017_H.git\trunk\laravel\bootstrap\cache\compiled.php(7811): Illuminate\Foundation\ProviderRepository->createProvider()
#4 C:\wamp64\www\cdw1_2016_2017_H.git\trunk\laravel\bootstrap\cache\compiled.php(7787): Illuminate\Foundation\ProviderRepository->compileManifest()
#5 C:\wamp64\www\cdw1_2016_2017_H.git\trunk\laravel\bootstrap\cache\compiled.php(1937): Illuminate\Foundation\ProviderRepository->load()
#6 C:\wamp64\www\cdw1_2016_2017_H.git\trunk\laravel\bootstrap\cache\compiled.php(2357): Illuminate\Foundation\Application->registerConfiguredProviders()
#7 C:\wamp64\www\cdw1_2016_2017_H.git\trunk\laravel\bootstrap\cache\compiled.php(1796): Illuminate\Foundation\Bootstrap\RegisterProviders->bootstrap()
#8 C:\wamp64\www\cdw1_2016_2017_H.git\trunk\laravel\bootstrap\cache\compiled.php(2568): Illuminate\Foundation\Application->bootstrapWith()
#9 C:\wamp64\www\cdw1_2016_2017_H.git\trunk\laravel\bootstrap\cache\compiled.php(2518): Illuminate\Foundation\Http\Kernel->bootstrap()
#10 C:\wamp64\www\cdw1_2016_2017_H.git\trunk\laravel\bootstrap\cache\compiled.php(2503): Illuminate\Foundation\Http\Kernel->sendRequestThroughRouter()
#11 C:\wamp64\www\cdw1_2016_2017_H.git\trunk\laravel\public\index.php(54): Illuminate\Foundation\Http\Kernel->handle()
#12 C:\wamp64\www\cdw1_2016_2017_H.git\trunk\laravel\public\index.php(0): {main}()
#13 {main}  
[2017-02-22 03:42:22] local.ERROR: exception 'Symfony\Component\Debug\Exception\FatalErrorException' with message 'Class name must be a valid object or a string' in C:\wamp64\www\cdw1_2016_2017_H.git\trunk\laravel\bootstrap\cache\compiled.php:7825
Stack trace:
#0 C:\wamp64\www\cdw1_2016_2017_H.git\trunk\laravel\bootstrap\cache\compiled.php(2323): Symfony\Component\Debug\Exception\FatalErrorException->__construct()
#1 C:\wamp64\www\cdw1_2016_2017_H.git\trunk\laravel\bootstrap\cache\compiled.php(2318): Illuminate\Foundation\Bootstrap\HandleExceptions->fatalExceptionFromError()
#2 C:\wamp64\www\cdw1_2016_2017_H.git\trunk\laravel\bootstrap\cache\compiled.php(0): Illuminate\Foundation\Bootstrap\HandleExceptions->handleShutdown()
#3 C:\wamp64\www\cdw1_2016_2017_H.git\trunk\laravel\bootstrap\cache\compiled.php(7811): Illuminate\Foundation\ProviderRepository->createProvider()
#4 C:\wamp64\www\cdw1_2016_2017_H.git\trunk\laravel\bootstrap\cache\compiled.php(7787): Illuminate\Foundation\ProviderRepository->compileManifest()
#5 C:\wamp64\www\cdw1_2016_2017_H.git\trunk\laravel\bootstrap\cache\compiled.php(1937): Illuminate\Foundation\ProviderRepository->load()
#6 C:\wamp64\www\cdw1_2016_2017_H.git\trunk\laravel\bootstrap\cache\compiled.php(2357): Illuminate\Foundation\Application->registerConfiguredProviders()
#7 C:\wamp64\www\cdw1_2016_2017_H.git\trunk\laravel\bootstrap\cache\compiled.php(1796): Illuminate\Foundation\Bootstrap\RegisterProviders->bootstrap()
#8 C:\wamp64\www\cdw1_2016_2017_H.git\trunk\laravel\bootstrap\cache\compiled.php(2568): Illuminate\Foundation\Application->bootstrapWith()
#9 C:\wamp64\www\cdw1_2016_2017_H.git\trunk\laravel\bootstrap\cache\compiled.php(2518): Illuminate\Foundation\Http\Kernel->bootstrap()
#10 C:\wamp64\www\cdw1_2016_2017_H.git\trunk\laravel\bootstrap\cache\compiled.php(2503): Illuminate\Foundation\Http\Kernel->sendRequestThroughRouter()
#11 C:\wamp64\www\cdw1_2016_2017_H.git\trunk\laravel\public\index.php(54): Illuminate\Foundation\Http\Kernel->handle()
#12 C:\wamp64\www\cdw1_2016_2017_H.git\trunk\laravel\public\index.php(0): {main}()
#13 {main}  
[2017-02-22 03:43:29] local.ERROR: exception 'Symfony\Component\Debug\Exception\FatalErrorException' with message 'Class name must be a valid object or a string' in C:\wamp64\www\cdw1_2016_2017_H.git\trunk\laravel\bootstrap\cache\compiled.php:7825
Stack trace:
#0 C:\wamp64\www\cdw1_2016_2017_H.git\trunk\laravel\bootstrap\cache\compiled.php(2323): Symfony\Component\Debug\Exception\FatalErrorException->__construct()
#1 C:\wamp64\www\cdw1_2016_2017_H.git\trunk\laravel\bootstrap\cache\compiled.php(2318): Illuminate\Foundation\Bootstrap\HandleExceptions->fatalExceptionFromError()
#2 C:\wamp64\www\cdw1_2016_2017_H.git\trunk\laravel\bootstrap\cache\compiled.php(0): Illuminate\Foundation\Bootstrap\HandleExceptions->handleShutdown()
#3 C:\wamp64\www\cdw1_2016_2017_H.git\trunk\laravel\bootstrap\cache\compiled.php(7811): Illuminate\Foundation\ProviderRepository->createProvider()
#4 C:\wamp64\www\cdw1_2016_2017_H.git\trunk\laravel\bootstrap\cache\compiled.php(7787): Illuminate\Foundation\ProviderRepository->compileManifest()
#5 C:\wamp64\www\cdw1_2016_2017_H.git\trunk\laravel\bootstrap\cache\compiled.php(1937): Illuminate\Foundation\ProviderRepository->load()
#6 C:\wamp64\www\cdw1_2016_2017_H.git\trunk\laravel\bootstrap\cache\compiled.php(2357): Illuminate\Foundation\Application->registerConfiguredProviders()
#7 C:\wamp64\www\cdw1_2016_2017_H.git\trunk\laravel\bootstrap\cache\compiled.php(1796): Illuminate\Foundation\Bootstrap\RegisterProviders->bootstrap()
#8 C:\wamp64\www\cdw1_2016_2017_H.git\trunk\laravel\bootstrap\cache\compiled.php(2568): Illuminate\Foundation\Application->bootstrapWith()
#9 C:\wamp64\www\cdw1_2016_2017_H.git\trunk\laravel\bootstrap\cache\compiled.php(2518): Illuminate\Foundation\Http\Kernel->bootstrap()
#10 C:\wamp64\www\cdw1_2016_2017_H.git\trunk\laravel\bootstrap\cache\compiled.php(2503): Illuminate\Foundation\Http\Kernel->sendRequestThroughRouter()
#11 C:\wamp64\www\cdw1_2016_2017_H.git\trunk\laravel\public\index.php(54): Illuminate\Foundation\Http\Kernel->handle()
#12 C:\wamp64\www\cdw1_2016_2017_H.git\trunk\laravel\public\index.php(0): {main}()
#13 {main}  
[2017-02-22 03:44:00] local.ERROR: exception 'Symfony\Component\Debug\Exception\FatalErrorException' with message 'Class name must be a valid object or a string' in C:\wamp64\www\cdw1_2016_2017_H.git\trunk\laravel\bootstrap\cache\compiled.php:7825
Stack trace:
#0 C:\wamp64\www\cdw1_2016_2017_H.git\trunk\laravel\bootstrap\cache\compiled.php(2323): Symfony\Component\Debug\Exception\FatalErrorException->__construct()
#1 C:\wamp64\www\cdw1_2016_2017_H.git\trunk\laravel\bootstrap\cache\compiled.php(2318): Illuminate\Foundation\Bootstrap\HandleExceptions->fatalExceptionFromError()
#2 C:\wamp64\www\cdw1_2016_2017_H.git\trunk\laravel\bootstrap\cache\compiled.php(0): Illuminate\Foundation\Bootstrap\HandleExceptions->handleShutdown()
#3 C:\wamp64\www\cdw1_2016_2017_H.git\trunk\laravel\bootstrap\cache\compiled.php(7811): Illuminate\Foundation\ProviderRepository->createProvider()
#4 C:\wamp64\www\cdw1_2016_2017_H.git\trunk\laravel\bootstrap\cache\compiled.php(7787): Illuminate\Foundation\ProviderRepository->compileManifest()
#5 C:\wamp64\www\cdw1_2016_2017_H.git\trunk\laravel\bootstrap\cache\compiled.php(1937): Illuminate\Foundation\ProviderRepository->load()
#6 C:\wamp64\www\cdw1_2016_2017_H.git\trunk\laravel\bootstrap\cache\compiled.php(2357): Illuminate\Foundation\Application->registerConfiguredProviders()
#7 C:\wamp64\www\cdw1_2016_2017_H.git\trunk\laravel\bootstrap\cache\compiled.php(1796): Illuminate\Foundation\Bootstrap\RegisterProviders->bootstrap()
#8 C:\wamp64\www\cdw1_2016_2017_H.git\trunk\laravel\bootstrap\cache\compiled.php(2568): Illuminate\Foundation\Application->bootstrapWith()
#9 C:\wamp64\www\cdw1_2016_2017_H.git\trunk\laravel\bootstrap\cache\compiled.php(2518): Illuminate\Foundation\Http\Kernel->bootstrap()
#10 C:\wamp64\www\cdw1_2016_2017_H.git\trunk\laravel\bootstrap\cache\compiled.php(2503): Illuminate\Foundation\Http\Kernel->sendRequestThroughRouter()
#11 C:\wamp64\www\cdw1_2016_2017_H.git\trunk\laravel\public\index.php(54): Illuminate\Foundation\Http\Kernel->handle()
#12 C:\wamp64\www\cdw1_2016_2017_H.git\trunk\laravel\public\index.php(0): {main}()
#13 {main}  
[2017-02-22 03:44:37] local.ERROR: exception 'Symfony\Component\Debug\Exception\FatalErrorException' with message 'Class name must be a valid object or a string' in C:\wamp64\www\cdw1_2016_2017_H.git\trunk\laravel\bootstrap\cache\compiled.php:7825
Stack trace:
#0 C:\wamp64\www\cdw1_2016_2017_H.git\trunk\laravel\bootstrap\cache\compiled.php(2323): Symfony\Component\Debug\Exception\FatalErrorException->__construct()
#1 C:\wamp64\www\cdw1_2016_2017_H.git\trunk\laravel\bootstrap\cache\compiled.php(2318): Illuminate\Foundation\Bootstrap\HandleExceptions->fatalExceptionFromError()
#2 C:\wamp64\www\cdw1_2016_2017_H.git\trunk\laravel\bootstrap\cache\compiled.php(0): Illuminate\Foundation\Bootstrap\HandleExceptions->handleShutdown()
#3 C:\wamp64\www\cdw1_2016_2017_H.git\trunk\laravel\bootstrap\cache\compiled.php(7811): Illuminate\Foundation\ProviderRepository->createProvider()
#4 C:\wamp64\www\cdw1_2016_2017_H.git\trunk\laravel\bootstrap\cache\compiled.php(7787): Illuminate\Foundation\ProviderRepository->compileManifest()
#5 C:\wamp64\www\cdw1_2016_2017_H.git\trunk\laravel\bootstrap\cache\compiled.php(1937): Illuminate\Foundation\ProviderRepository->load()
#6 C:\wamp64\www\cdw1_2016_2017_H.git\trunk\laravel\bootstrap\cache\compiled.php(2357): Illuminate\Foundation\Application->registerConfiguredProviders()
#7 C:\wamp64\www\cdw1_2016_2017_H.git\trunk\laravel\bootstrap\cache\compiled.php(1796): Illuminate\Foundation\Bootstrap\RegisterProviders->bootstrap()
#8 C:\wamp64\www\cdw1_2016_2017_H.git\trunk\laravel\bootstrap\cache\compiled.php(2568): Illuminate\Foundation\Application->bootstrapWith()
#9 C:\wamp64\www\cdw1_2016_2017_H.git\trunk\laravel\bootstrap\cache\compiled.php(2518): Illuminate\Foundation\Http\Kernel->bootstrap()
#10 C:\wamp64\www\cdw1_2016_2017_H.git\trunk\laravel\bootstrap\cache\compiled.php(2503): Illuminate\Foundation\Http\Kernel->sendRequestThroughRouter()
#11 C:\wamp64\www\cdw1_2016_2017_H.git\trunk\laravel\public\index.php(54): Illuminate\Foundation\Http\Kernel->handle()
#12 C:\wamp64\www\cdw1_2016_2017_H.git\trunk\laravel\public\index.php(0): {main}()
#13 {main}  
[2017-02-22 03:45:15] local.ERROR: exception 'ErrorException' with message 'include(C:\wamp64\www\cdw1_2016_2017_H.git\trunk\laravel\packages\foostart\sample\src/routes.php): failed to open stream: No such file or directory' in C:\wamp64\www\cdw1_2016_2017_H.git\trunk\laravel\packages\foostart\sample\src\SampleServiceProvider.php:26
Stack trace:
#0 C:\wamp64\www\cdw1_2016_2017_H.git\trunk\laravel\packages\foostart\sample\src\SampleServiceProvider.php(26): Illuminate\Foundation\Bootstrap\HandleExceptions->handleError(2, 'include(C:\\wamp...', 'C:\\wamp64\\www\\c...', 26, Array)
#1 C:\wamp64\www\cdw1_2016_2017_H.git\trunk\laravel\packages\foostart\sample\src\SampleServiceProvider.php(26): Foostart\Sample\SampleServiceProvider::register()
#2 C:\wamp64\www\cdw1_2016_2017_H.git\trunk\laravel\bootstrap\cache\compiled.php(1948): Foostart\Sample\SampleServiceProvider->register()
#3 C:\wamp64\www\cdw1_2016_2017_H.git\trunk\laravel\bootstrap\cache\compiled.php(7793): Illuminate\Foundation\Application->register(Object(Foostart\Sample\SampleServiceProvider))
#4 C:\wamp64\www\cdw1_2016_2017_H.git\trunk\laravel\bootstrap\cache\compiled.php(1937): Illuminate\Foundation\ProviderRepository->load(Array)
#5 C:\wamp64\www\cdw1_2016_2017_H.git\trunk\laravel\bootstrap\cache\compiled.php(2357): Illuminate\Foundation\Application->registerConfiguredProviders()
#6 C:\wamp64\www\cdw1_2016_2017_H.git\trunk\laravel\bootstrap\cache\compiled.php(1796): Illuminate\Foundation\Bootstrap\RegisterProviders->bootstrap(Object(Illuminate\Foundation\Application))
#7 C:\wamp64\www\cdw1_2016_2017_H.git\trunk\laravel\bootstrap\cache\compiled.php(2568): Illuminate\Foundation\Application->bootstrapWith(Array)
#8 C:\wamp64\www\cdw1_2016_2017_H.git\trunk\laravel\bootstrap\cache\compiled.php(2518): Illuminate\Foundation\Http\Kernel->bootstrap()
#9 C:\wamp64\www\cdw1_2016_2017_H.git\trunk\laravel\bootstrap\cache\compiled.php(2503): Illuminate\Foundation\Http\Kernel->sendRequestThroughRouter(Object(Illuminate\Http\Request))
#10 C:\wamp64\www\cdw1_2016_2017_H.git\trunk\laravel\public\index.php(54): Illuminate\Foundation\Http\Kernel->handle(Object(Illuminate\Http\Request))
#11 {main}  
[2017-02-22 03:46:27] local.ERROR: exception 'ErrorException' with message 'include(C:\wamp64\www\cdw1_2016_2017_H.git\trunk\laravel\packages\foostart\sample\src/route.php): failed to open stream: No such file or directory' in C:\wamp64\www\cdw1_2016_2017_H.git\trunk\laravel\packages\foostart\sample\src\SampleServiceProvider.php:26
Stack trace:
#0 C:\wamp64\www\cdw1_2016_2017_H.git\trunk\laravel\packages\foostart\sample\src\SampleServiceProvider.php(26): Illuminate\Foundation\Bootstrap\HandleExceptions->handleError(2, 'include(C:\\wamp...', 'C:\\wamp64\\www\\c...', 26, Array)
#1 C:\wamp64\www\cdw1_2016_2017_H.git\trunk\laravel\packages\foostart\sample\src\SampleServiceProvider.php(26): Foostart\Sample\SampleServiceProvider::register()
#2 C:\wamp64\www\cdw1_2016_2017_H.git\trunk\laravel\bootstrap\cache\compiled.php(1948): Foostart\Sample\SampleServiceProvider->register()
#3 C:\wamp64\www\cdw1_2016_2017_H.git\trunk\laravel\bootstrap\cache\compiled.php(7793): Illuminate\Foundation\Application->register(Object(Foostart\Sample\SampleServiceProvider))
#4 C:\wamp64\www\cdw1_2016_2017_H.git\trunk\laravel\bootstrap\cache\compiled.php(1937): Illuminate\Foundation\ProviderRepository->load(Array)
#5 C:\wamp64\www\cdw1_2016_2017_H.git\trunk\laravel\bootstrap\cache\compiled.php(2357): Illuminate\Foundation\Application->registerConfiguredProviders()
#6 C:\wamp64\www\cdw1_2016_2017_H.git\trunk\laravel\bootstrap\cache\compiled.php(1796): Illuminate\Foundation\Bootstrap\RegisterProviders->bootstrap(Object(Illuminate\Foundation\Application))
#7 C:\wamp64\www\cdw1_2016_2017_H.git\trunk\laravel\bootstrap\cache\compiled.php(2568): Illuminate\Foundation\Application->bootstrapWith(Array)
#8 C:\wamp64\www\cdw1_2016_2017_H.git\trunk\laravel\bootstrap\cache\compiled.php(2518): Illuminate\Foundation\Http\Kernel->bootstrap()
#9 C:\wamp64\www\cdw1_2016_2017_H.git\trunk\laravel\bootstrap\cache\compiled.php(2503): Illuminate\Foundation\Http\Kernel->sendRequestThroughRouter(Object(Illuminate\Http\Request))
#10 C:\wamp64\www\cdw1_2016_2017_H.git\trunk\laravel\public\index.php(54): Illuminate\Foundation\Http\Kernel->handle(Object(Illuminate\Http\Request))
#11 {main}  
